Using pre-set license
Built from '2021.3/staging' branch; Version is '2021.3.11f1 (0a5ca18544bf) revision 679073'; Using compiler version '192829333'; Build Type 'Release'
OS: 'Windows 11  (10.0.22621) 64bit Professional' Language: 'ja' Physical Memory: 16047 MB
BatchMode: 1, IsHumanControllingUs: 0, StartBugReporterOnCrash: 0, Is64bit: 1, IsPro: 1

COMMAND LINE ARGUMENTS:
C:\Unity\2021.3.11f1\Editor\Unity.exe
-adb2
-batchMode
-noUpm
-name
AssetImportWorker0
-projectPath
C:/Users/tomoaki/Documents/GitHub/VR-zounohamigakiko/yume1103
-logFile
Logs/AssetImportWorker0.log
-srvPort
50047
Successfully changed project path to: C:/Users/tomoaki/Documents/GitHub/VR-zounohamigakiko/yume1103
C:/Users/tomoaki/Documents/GitHub/VR-zounohamigakiko/yume1103
[UnityMemory] Configuration Parameters - Can be set up in boot.config
    "memorysetup-bucket-allocator-granularity=16"
    "memorysetup-bucket-allocator-bucket-count=8"
    "memorysetup-bucket-allocator-block-size=33554432"
    "memorysetup-bucket-allocator-block-count=8"
    "memorysetup-main-allocator-block-size=16777216"
    "memorysetup-thread-allocator-block-size=16777216"
    "memorysetup-gfx-main-allocator-block-size=16777216"
    "memorysetup-gfx-thread-allocator-block-size=16777216"
    "memorysetup-cache-allocator-block-size=4194304"
    "memorysetup-typetree-allocator-block-size=2097152"
    "memorysetup-profiler-bucket-allocator-granularity=16"
    "memorysetup-profiler-bucket-allocator-bucket-count=8"
    "memorysetup-profiler-bucket-allocator-block-size=33554432"
    "memorysetup-profiler-bucket-allocator-block-count=8"
    "memorysetup-profiler-allocator-block-size=16777216"
    "memorysetup-profiler-editor-allocator-block-size=1048576"
    "memorysetup-temp-allocator-size-main=16777216"
    "memorysetup-job-temp-allocator-block-size=2097152"
    "memorysetup-job-temp-allocator-block-size-background=1048576"
    "memorysetup-job-temp-allocator-reduction-small-platforms=262144"
    "memorysetup-temp-allocator-size-background-worker=32768"
    "memorysetup-temp-allocator-size-job-worker=262144"
    "memorysetup-temp-allocator-size-preload-manager=33554432"
    "memorysetup-temp-allocator-size-nav-mesh-worker=65536"
    "memorysetup-temp-allocator-size-audio-worker=65536"
    "memorysetup-temp-allocator-size-cloud-worker=32768"
    "memorysetup-temp-allocator-size-gi-baking-worker=262144"
    "memorysetup-temp-allocator-size-gfx=262144"
Refreshing native plugins compatible for Editor in 81.40 ms, found 8 plugins.
Preloading 2 native plugins for Editor in 1.69 ms.
Initialize engine version: 2021.3.11f1 (0a5ca18544bf)
[Subsystems] Discovering subsystems at path C:/Unity/2021.3.11f1/Editor/Data/Resources/UnitySubsystems
[Subsystems] Discovering subsystems at path C:/Users/tomoaki/Documents/GitHub/VR-zounohamigakiko/yume1103/Assets
GfxDevice: creating device client; threaded=0; jobified=0
Direct3D:
    Version:  Direct3D 11.0 [level 11.1]
    Renderer: Intel(R) Iris(R) Xe Graphics (ID=0x9a49)
    Vendor:   Intel
    VRAM:     8023 MB
    Driver:   30.0.100.9864
Shader 'Oculus/OVRMRCameraFrameLit': fallback shader 'Alpha-Diffuse' not found
Initialize mono
Mono path[0] = 'C:/Unity/2021.3.11f1/Editor/Data/Managed'
Mono path[1] = 'C:/Unity/2021.3.11f1/Editor/Data/MonoBleedingEdge/lib/mono/unityjit-win32'
Mono config path = 'C:/Unity/2021.3.11f1/Editor/Data/MonoBleedingEdge/etc'
Using monoOptions --debugger-agent=transport=dt_socket,embedding=1,server=y,suspend=n,address=127.0.0.1:56788
Begin MonoManager ReloadAssembly
Registering precompiled unity dll's ...
Register platform support module: C:/Unity/2021.3.11f1/Editor/Data/PlaybackEngines/WindowsStandaloneSupport/UnityEditor.WindowsStandalone.Extensions.dll
Registered in 0.002181 seconds.
Native extension for WindowsStandalone target not found
Refreshing native plugins compatible for Editor in 72.85 ms, found 8 plugins.
Preloading 2 native plugins for Editor in 0.16 ms.
Mono: successfully reloaded assembly
- Completed reload, in  0.557 seconds
Domain Reload Profiling:
	ReloadAssembly (557ms)
		BeginReloadAssembly (52ms)
			ExecutionOrderSort (0ms)
			DisableScriptedObjects (0ms)
			BackupInstance (0ms)
			ReleaseScriptingObjects (0ms)
			CreateAndSetChildDomain (1ms)
		EndReloadAssembly (410ms)
			LoadAssemblies (51ms)
			RebuildTransferFunctionScriptingTraits (0ms)
			SetupTypeCache (101ms)
			ReleaseScriptCaches (0ms)
			RebuildScriptCaches (28ms)
			SetupLoadedEditorAssemblies (233ms)
				LogAssemblyErrors (0ms)
				InitializePlatformSupportModulesInManaged (5ms)
				SetLoadedEditorAssemblies (0ms)
				RefreshPlugins (73ms)
				BeforeProcessingInitializeOnLoad (1ms)
				ProcessInitializeOnLoadAttributes (112ms)
				ProcessInitializeOnLoadMethodAttributes (41ms)
				AfterProcessingInitializeOnLoad (0ms)
				EditorAssembliesLoaded (0ms)
			ExecutionOrderSort2 (0ms)
			AwakeInstancesAfterBackupRestoration (0ms)
Platform modules already initialized, skipping
Registering precompiled user dll's ...
Registered in 0.005198 seconds.
Begin MonoManager ReloadAssembly
Native extension for WindowsStandalone target not found
Refreshing native plugins compatible for Editor in 1.36 ms, found 8 plugins.
Preloading 2 native plugins for Editor in 0.11 ms.
Package Manager log level set to [2]
[XR] OculusXRPlugin: registering subsystems
[XR] Unable to register display lifecyle provider: [1]
[XR] Oculus Input lifecycle provider registered.
[XR] Unable to register input lifecyle provider: [1]
[XR] OVRP version 1.76.0
Mono: successfully reloaded assembly
- Completed reload, in  0.835 seconds
Domain Reload Profiling:
	ReloadAssembly (836ms)
		BeginReloadAssembly (103ms)
			ExecutionOrderSort (0ms)
			DisableScriptedObjects (5ms)
			BackupInstance (0ms)
			ReleaseScriptingObjects (0ms)
			CreateAndSetChildDomain (20ms)
		EndReloadAssembly (630ms)
			LoadAssemblies (82ms)
			RebuildTransferFunctionScriptingTraits (0ms)
			SetupTypeCache (177ms)
			ReleaseScriptCaches (1ms)
			RebuildScriptCaches (62ms)
			SetupLoadedEditorAssemblies (284ms)
				LogAssemblyErrors (0ms)
				InitializePlatformSupportModulesInManaged (3ms)
				SetLoadedEditorAssemblies (0ms)
				RefreshPlugins (2ms)
				BeforeProcessingInitializeOnLoad (67ms)
				ProcessInitializeOnLoadAttributes (171ms)
				ProcessInitializeOnLoadMethodAttributes (36ms)
				AfterProcessingInitializeOnLoad (4ms)
				EditorAssembliesLoaded (0ms)
			ExecutionOrderSort2 (0ms)
			AwakeInstancesAfterBackupRestoration (6ms)
Platform modules already initialized, skipping
========================================================================
Worker process is ready to serve import requests
Shader 'Oculus/OVRMRCameraFrameLit': fallback shader 'Alpha-Diffuse' not found
Launched and connected shader compiler UnityShaderCompiler.exe after 0.05 seconds
Refreshing native plugins compatible for Editor in 1.18 ms, found 8 plugins.
Preloading 2 native plugins for Editor in 0.15 ms.
Unloading 3327 Unused Serialized files (Serialized files now loaded: 0)
Unloading 66 unused Assets / (429.1 KB). Loaded Objects now: 3782.
Memory consumption went from 167.8 MB to 167.4 MB.
Total: 3.408800 ms (FindLiveObjects: 0.348700 ms CreateObjectMapping: 0.125300 ms MarkObjects: 2.639900 ms  DeleteObjects: 0.294000 ms)

AssetImportParameters requested are different than current active one (requested -> active):
  custom:video-decoder-ogg-theora: a1e56fd34408186e4bbccfd4996cb3dc -> 
  custom:container-muxer-webm: aa71ff27fc2769a1b78a27578f13a17b -> 
  custom:container-demuxer-webm: 4f35f7cbe854078d1ac9338744f61a02 -> 
  custom:video-encoder-webm-vp8: eb34c28f22e8b96e1ab97ce403110664 -> 
  custom:video-codec-MediaFoundation-h265: 746d11721c4dcdbdad8f713fa42b33f4 -> 
  custom:audio-encoder-webm-vorbis: bf7c407c2cedff20999df2af8eb42d56 -> 
  custom:framework-win-MediaFoundation: 216162199b28c13a410421893ffa2e32 -> 
  custom:container-demuxer-ogg: 62fdf1f143b41e24485cea50d1cbac27 -> 
  custom:video-decoder-webm-vp8: 9c59270c3fd7afecdb556c50c9e8de78 -> 
  custom:audio-decoder-ogg-vorbis: bf7c407c2cedff20999df2af8eb42d56 -> 
========================================================================
Received Import Request.
  Time since last request: 176845.298627 seconds.
  path: Assets/moji/邵ｺ蜷ｶ・樒ｸｺ譏ｴ竕ｧ.png
  artifactKey: Guid(26d37b99e9d8ad240a309d8cdeb86d30) Importer(815301076,1909f56bfc062723c751e8b465ee728b)
Start importing Assets/moji/邵ｺ蜷ｶ・樒ｸｺ譏ｴ竕ｧ.png using Guid(26d37b99e9d8ad240a309d8cdeb86d30) Importer(815301076,1909f56bfc062723c751e8b465ee728b)  -> (artifact id: 'a3762d7562e2ca0ee24398c52845627e') in 0.187277 seconds 
========================================================================
Received Import Request.
  Time since last request: 0.000025 seconds.
  path: Assets/moji/gu.png
  artifactKey: Guid(89b7a43be91c9384599261b3fc9dc55b) Importer(815301076,1909f56bfc062723c751e8b465ee728b)
Start importing Assets/moji/gu.png using Guid(89b7a43be91c9384599261b3fc9dc55b) Importer(815301076,1909f56bfc062723c751e8b465ee728b)  -> (artifact id: '50212ba7f018747de7b33d39885f458e') in 0.027829 seconds 
========================================================================
Received Import Request.
  Time since last request: 0.000024 seconds.
  path: Assets/moji/邵ｺ繧・ｰ.png
  artifactKey: Guid(1310cbfbf674b574e8d8aeb1e688f80c) Importer(815301076,1909f56bfc062723c751e8b465ee728b)
Start importing Assets/moji/邵ｺ繧・ｰ.png using Guid(1310cbfbf674b574e8d8aeb1e688f80c) Importer(815301076,1909f56bfc062723c751e8b465ee728b)  -> (artifact id: '9cb6fa84fc78fa2714ae02affe1debdc') in 0.017398 seconds 
========================================================================
Received Import Request.
  Time since last request: 0.000034 seconds.
  path: Assets/moji/邵ｺ繧・凰.png
  artifactKey: Guid(c88370db27ce61242ba324d410903af4) Importer(815301076,1909f56bfc062723c751e8b465ee728b)
Start importing Assets/moji/邵ｺ繧・凰.png using Guid(c88370db27ce61242ba324d410903af4) Importer(815301076,1909f56bfc062723c751e8b465ee728b)  -> (artifact id: '6601cdf1444fc5f6304e5e1e7a3cde34') in 0.016825 seconds 
========================================================================
Received Import Request.
  Time since last request: 0.000030 seconds.
  path: Assets/moji/youka.png
  artifactKey: Guid(445aca018b7cbb44c86759a6c5a5fe3c) Importer(815301076,1909f56bfc062723c751e8b465ee728b)
Start importing Assets/moji/youka.png using Guid(445aca018b7cbb44c86759a6c5a5fe3c) Importer(815301076,1909f56bfc062723c751e8b465ee728b)  -> (artifact id: 'eb503236ec725b7b6f9458d4067ede7e') in 0.026406 seconds 
========================================================================
Received Import Request.
  Time since last request: 0.000024 seconds.
  path: Assets/moji/郢ｧ・ｾ郢ｧ・ｦ邵ｺ・ｮ.png
  artifactKey: Guid(72db7839544aa7649826eceb4e01eb1a) Importer(815301076,1909f56bfc062723c751e8b465ee728b)
Start importing Assets/moji/郢ｧ・ｾ郢ｧ・ｦ邵ｺ・ｮ.png using Guid(72db7839544aa7649826eceb4e01eb1a) Importer(815301076,1909f56bfc062723c751e8b465ee728b)  -> (artifact id: 'a20de4aa3493ffa84f4b63c5f43ae40e') in 0.022870 seconds 
========================================================================
Received Import Request.
  Time since last request: 0.000035 seconds.
  path: Assets/moji/KuMA2.png
  artifactKey: Guid(7d845c7900635ce48b30189951d8fbd1) Importer(815301076,1909f56bfc062723c751e8b465ee728b)
Start importing Assets/moji/KuMA2.png using Guid(7d845c7900635ce48b30189951d8fbd1) Importer(815301076,1909f56bfc062723c751e8b465ee728b)  -> (artifact id: 'a876824f729833f27a43457208809c7a') in 0.113351 seconds 
========================================================================
Received Import Request.
  Time since last request: 0.000024 seconds.
  path: Assets/moji/縺吶＞縺昴≧.png
  artifactKey: Guid(16ac6edab2c773f43baa6d03db496e22) Importer(815301076,1909f56bfc062723c751e8b465ee728b)
Start importing Assets/moji/縺吶＞縺昴≧.png using Guid(16ac6edab2c773f43baa6d03db496e22) Importer(815301076,1909f56bfc062723c751e8b465ee728b)  -> (artifact id: '3e115560be3061b3ffbc8dfa82fd643c') in 0.063583 seconds 
========================================================================
Received Import Request.
  Time since last request: 0.000022 seconds.
  path: Assets/moji/縺ゅ♀.png
  artifactKey: Guid(dba7e2a01fe73c24daf21e8bb0758a28) Importer(815301076,1909f56bfc062723c751e8b465ee728b)
Start importing Assets/moji/縺ゅ♀.png using Guid(dba7e2a01fe73c24daf21e8bb0758a28) Importer(815301076,1909f56bfc062723c751e8b465ee728b)  -> (artifact id: '31c07de68afb44aca85479cd9cb33ba5') in 0.017332 seconds 
========================================================================
Received Import Request.
  Time since last request: 0.000034 seconds.
  path: Assets/moji/iru.png
  artifactKey: Guid(38b81fdd949c7bd45a0c301123c8cc60) Importer(815301076,1909f56bfc062723c751e8b465ee728b)
Start importing Assets/moji/iru.png using Guid(38b81fdd949c7bd45a0c301123c8cc60) Importer(815301076,1909f56bfc062723c751e8b465ee728b)  -> (artifact id: 'ec608faea3a29e9fc861b035d54ed277') in 0.026922 seconds 
========================================================================
Received Import Request.
  Time since last request: 0.000028 seconds.
  path: Assets/moji/waku.png
  artifactKey: Guid(77c2274d4988ba349b1911d7ac3c1ffc) Importer(815301076,1909f56bfc062723c751e8b465ee728b)
Start importing Assets/moji/waku.png using Guid(77c2274d4988ba349b1911d7ac3c1ffc) Importer(815301076,1909f56bfc062723c751e8b465ee728b)  -> (artifact id: 'ed167e4f4769a2f4cdf41667ffcec4a6') in 0.147166 seconds 
========================================================================
Received Import Request.
  Time since last request: 0.000028 seconds.
  path: Assets/moji/e0044_1.png
  artifactKey: Guid(2e2e0554a2336534aa0586dafe08200e) Importer(815301076,1909f56bfc062723c751e8b465ee728b)
Start importing Assets/moji/e0044_1.png using Guid(2e2e0554a2336534aa0586dafe08200e) Importer(815301076,1909f56bfc062723c751e8b465ee728b)  -> (artifact id: '0145bc19d71d95927abb11a6ca7f8f5a') in 0.045045 seconds 
========================================================================
Received Import Request.
  Time since last request: 12.961215 seconds.
  path: Assets/Prefab/cloud (2).prefab
  artifactKey: Guid(518d7fcc8d448bd4589d1f050725f309) Importer(815301076,1909f56bfc062723c751e8b465ee728b)
Start importing Assets/Prefab/cloud (2).prefab using Guid(518d7fcc8d448bd4589d1f050725f309) Importer(815301076,1909f56bfc062723c751e8b465ee728b)  -> (artifact id: '0f007af3afb5afdc5c1fd4bb5a21cca7') in 0.326297 seconds 
========================================================================
Received Import Request.
  Time since last request: 0.000026 seconds.
  path: Assets/Prefab/cloud.prefab
  artifactKey: Guid(0b8373788e721ff49adc9f47374a2401) Importer(815301076,1909f56bfc062723c751e8b465ee728b)
Start importing Assets/Prefab/cloud.prefab using Guid(0b8373788e721ff49adc9f47374a2401) Importer(815301076,1909f56bfc062723c751e8b465ee728b)  -> (artifact id: '8e50fc65075be594962dbd618c520d36') in 0.038708 seconds 
========================================================================
Received Import Request.
  Time since last request: 4.885461 seconds.
  path: Assets/Prefab/Bin_v1.0.fbx
  artifactKey: Guid(d6c33a163c9130d4aa792e9e98b98273) Importer(815301076,1909f56bfc062723c751e8b465ee728b)
Start importing Assets/Prefab/Bin_v1.0.fbx using Guid(d6c33a163c9130d4aa792e9e98b98273) Importer(815301076,1909f56bfc062723c751e8b465ee728b)  -> (artifact id: '6e77d820c00c8bdc6d569e2d254bb463') in 0.143177 seconds 
========================================================================
Received Import Request.
  Time since last request: 2.952042 seconds.
  path: Assets/Bin.prefab
  artifactKey: Guid(b82b11d447fb65b45afae0fd4e265b3d) Importer(815301076,1909f56bfc062723c751e8b465ee728b)
Start importing Assets/Bin.prefab using Guid(b82b11d447fb65b45afae0fd4e265b3d) Importer(815301076,1909f56bfc062723c751e8b465ee728b)  -> (artifact id: 'c955177eb608d04215e2443118cc3568') in 0.005473 seconds 
========================================================================
Received Import Request.
  Time since last request: 0.000017 seconds.
  path: Assets/smoke.prefab
  artifactKey: Guid(005fd4b42c4fc4e40886ecbef59b9444) Importer(815301076,1909f56bfc062723c751e8b465ee728b)
Start importing Assets/smoke.prefab using Guid(005fd4b42c4fc4e40886ecbef59b9444) Importer(815301076,1909f56bfc062723c751e8b465ee728b)  -> (artifact id: '82a60d1f702dc1267dbee5e5d7b6e45e') in 0.033214 seconds 
========================================================================
Received Import Request.
  Time since last request: 6.895843 seconds.
  path: Assets/Prefab/邵ｺ阮呻ｼ・ｸｺ・ｫ.prefab
  artifactKey: Guid(18a8c898eb97ddb4aa1297330402f789) Importer(815301076,1909f56bfc062723c751e8b465ee728b)
Start importing Assets/Prefab/邵ｺ阮呻ｼ・ｸｺ・ｫ.prefab using Guid(18a8c898eb97ddb4aa1297330402f789) Importer(815301076,1909f56bfc062723c751e8b465ee728b)  -> (artifact id: '2b9f1adb5bd73faea4647f6dbe0d88fc') in 0.010243 seconds 
========================================================================
Received Import Request.
  Time since last request: 9.001429 seconds.
  path: Assets/PathCreator/MovementBase.prefab
  artifactKey: Guid(30019f6ce474a3643ad34a4f5815beb2) Importer(815301076,1909f56bfc062723c751e8b465ee728b)
Start importing Assets/PathCreator/MovementBase.prefab using Guid(30019f6ce474a3643ad34a4f5815beb2) Importer(815301076,1909f56bfc062723c751e8b465ee728b)  -> (artifact id: '7986a1bcecf2c5698b357e19aa7f1619') in 0.007878 seconds 
========================================================================
Received Import Request.
  Time since last request: 1.306398 seconds.
  path: Assets/Material/Cloud 1.mat
  artifactKey: Guid(825b5ce938fe8d74f9077a8c342b2ccb) Importer(815301076,1909f56bfc062723c751e8b465ee728b)
Start importing Assets/Material/Cloud 1.mat using Guid(825b5ce938fe8d74f9077a8c342b2ccb) Importer(815301076,1909f56bfc062723c751e8b465ee728b)  -> (artifact id: '095835a3cafe41cb1e8b1124b04a01a3') in 0.021021 seconds 
========================================================================
Received Import Request.
  Time since last request: 0.000032 seconds.
  path: Assets/Material/glass.mat
  artifactKey: Guid(d5ee58c5366c9cd429510946572f3300) Importer(815301076,1909f56bfc062723c751e8b465ee728b)
Start importing Assets/Material/glass.mat using Guid(d5ee58c5366c9cd429510946572f3300) Importer(815301076,1909f56bfc062723c751e8b465ee728b)  -> (artifact id: '13c311f565af84ad72c3a8724cb3534f') in 0.232234 seconds 
========================================================================
Received Import Request.
  Time since last request: 29.927591 seconds.
  path: Assets/縺薙％縺ｫ.prefab
  artifactKey: Guid(07541a00aacbf9c4190bf0dccd52b75f) Importer(815301076,1909f56bfc062723c751e8b465ee728b)
Start importing Assets/縺薙％縺ｫ.prefab using Guid(07541a00aacbf9c4190bf0dccd52b75f) Importer(815301076,1909f56bfc062723c751e8b465ee728b)  -> (artifact id: 'b9e7dfcb17ee0908afd9c85cd58cf873') in 0.005326 seconds 
========================================================================
Received Import Request.
  Time since last request: 1.307299 seconds.
  path: Assets/縺薙％縺ｫ.prefab
  artifactKey: Guid(07541a00aacbf9c4190bf0dccd52b75f) Importer(815301076,1909f56bfc062723c751e8b465ee728b)
Start importing Assets/縺薙％縺ｫ.prefab using Guid(07541a00aacbf9c4190bf0dccd52b75f) Importer(815301076,1909f56bfc062723c751e8b465ee728b)  -> (artifact id: '3d1945be1f40dec7f3660a051eb3afd9') in 0.007155 seconds 
========================================================================
Received Prepare
Registering precompiled user dll's ...
Registered in 0.004475 seconds.
Begin MonoManager ReloadAssembly
Native extension for WindowsStandalone target not found
Refreshing native plugins compatible for Editor in 1.98 ms, found 8 plugins.
Preloading 2 native plugins for Editor in 0.17 ms.
Mono: successfully reloaded assembly
- Completed reload, in  1.145 seconds
Domain Reload Profiling:
	ReloadAssembly (1146ms)
		BeginReloadAssembly (125ms)
			ExecutionOrderSort (0ms)
			DisableScriptedObjects (4ms)
			BackupInstance (0ms)
			ReleaseScriptingObjects (0ms)
			CreateAndSetChildDomain (38ms)
		EndReloadAssembly (924ms)
			LoadAssemblies (75ms)
			RebuildTransferFunctionScriptingTraits (0ms)
			SetupTypeCache (254ms)
			ReleaseScriptCaches (4ms)
			RebuildScriptCaches (94ms)
			SetupLoadedEditorAssemblies (417ms)
				LogAssemblyErrors (0ms)
				InitializePlatformSupportModulesInManaged (14ms)
				SetLoadedEditorAssemblies (1ms)
				RefreshPlugins (2ms)
				BeforeProcessingInitializeOnLoad (104ms)
				ProcessInitializeOnLoadAttributes (251ms)
				ProcessInitializeOnLoadMethodAttributes (38ms)
				AfterProcessingInitializeOnLoad (6ms)
				EditorAssembliesLoaded (0ms)
			ExecutionOrderSort2 (0ms)
			AwakeInstancesAfterBackupRestoration (8ms)
Platform modules already initialized, skipping
Shader 'Oculus/OVRMRCameraFrameLit': fallback shader 'Alpha-Diffuse' not found
Refreshing native plugins compatible for Editor in 5.18 ms, found 8 plugins.
Preloading 2 native plugins for Editor in 0.10 ms.
Unloading 3201 Unused Serialized files (Serialized files now loaded: 0)
Unloading 57 unused Assets / (415.0 KB). Loaded Objects now: 3855.
Memory consumption went from 161.2 MB to 160.8 MB.
Total: 3.583400 ms (FindLiveObjects: 0.339900 ms CreateObjectMapping: 0.242300 ms MarkObjects: 2.732100 ms  DeleteObjects: 0.267600 ms)

AssetImportParameters requested are different than current active one (requested -> active):
  custom:video-decoder-ogg-theora: a1e56fd34408186e4bbccfd4996cb3dc -> 
  custom:container-muxer-webm: aa71ff27fc2769a1b78a27578f13a17b -> 
  custom:container-demuxer-webm: 4f35f7cbe854078d1ac9338744f61a02 -> 
  custom:video-encoder-webm-vp8: eb34c28f22e8b96e1ab97ce403110664 -> 
  custom:video-codec-MediaFoundation-h265: 746d11721c4dcdbdad8f713fa42b33f4 -> 
  custom:audio-encoder-webm-vorbis: bf7c407c2cedff20999df2af8eb42d56 -> 
  custom:framework-win-MediaFoundation: 216162199b28c13a410421893ffa2e32 -> 
  custom:container-demuxer-ogg: 62fdf1f143b41e24485cea50d1cbac27 -> 
  custom:video-decoder-webm-vp8: 9c59270c3fd7afecdb556c50c9e8de78 -> 
  custom:audio-decoder-ogg-vorbis: bf7c407c2cedff20999df2af8eb42d56 -> 
========================================================================
Received Import Request.
  Time since last request: 73.100695 seconds.
  path: Assets/縺・ｍ繧・prefab
  artifactKey: Guid(388e9adfdd1e1a7418969ee49c37a5ce) Importer(815301076,1909f56bfc062723c751e8b465ee728b)
Start importing Assets/縺・ｍ繧・prefab using Guid(388e9adfdd1e1a7418969ee49c37a5ce) Importer(815301076,1909f56bfc062723c751e8b465ee728b)  -> (artifact id: '9d4829a3cf82c2c4cb579042314c66a5') in 0.034363 seconds 
========================================================================
Received Import Request.
  Time since last request: 21.527358 seconds.
  path: Assets/RetunArea.prefab
  artifactKey: Guid(f5ee8d82656cd224d8c149c79f6a802f) Importer(815301076,1909f56bfc062723c751e8b465ee728b)
Start importing Assets/RetunArea.prefab using Guid(f5ee8d82656cd224d8c149c79f6a802f) Importer(815301076,1909f56bfc062723c751e8b465ee728b)  -> (artifact id: 'a9e5d156b00a054da8e58a0474ab9b53') in 0.026081 seconds 
========================================================================
Received Import Request.
  Time since last request: 21.772966 seconds.
  path: Assets/here.prefab
  artifactKey: Guid(1990b14e900880b4b9341b07d9c7c09c) Importer(815301076,1909f56bfc062723c751e8b465ee728b)
Start importing Assets/here.prefab using Guid(1990b14e900880b4b9341b07d9c7c09c) Importer(815301076,1909f56bfc062723c751e8b465ee728b)  -> (artifact id: 'a842d2d0b32d3098b10748c671d03118') in 0.016819 seconds 
========================================================================
Received Import Request.
  Time since last request: 1320.629947 seconds.
  path: Assets/moji
  artifactKey: Guid(af5bf048cb2bd434dbe504f8aefdc0a5) Importer(815301076,1909f56bfc062723c751e8b465ee728b)
Start importing Assets/moji using Guid(af5bf048cb2bd434dbe504f8aefdc0a5) Importer(815301076,1909f56bfc062723c751e8b465ee728b)  -> (artifact id: '841b900d4692a29650fac66da57a6093') in 0.020306 seconds 
========================================================================
Received Import Request.
  Time since last request: 3.950916 seconds.
  path: Assets
  artifactKey: Guid(00000000000000001000000000000000) Importer(815301076,1909f56bfc062723c751e8b465ee728b)
Start importing Assets using Guid(00000000000000001000000000000000) Importer(815301076,1909f56bfc062723c751e8b465ee728b)  -> (artifact id: '79842766b460edbeab6a34051e857a80') in 0.009196 seconds 
========================================================================
Received Import Request.
  Time since last request: 38.541179 seconds.
  path: Assets/color.prefab
  artifactKey: Guid(9a6136724313b8e41b5862822c6a255d) Importer(815301076,1909f56bfc062723c751e8b465ee728b)
Start importing Assets/color.prefab using Guid(9a6136724313b8e41b5862822c6a255d) Importer(815301076,1909f56bfc062723c751e8b465ee728b)  -> (artifact id: '1080d0bb69d9f53c90f3a951d38156ba') in 0.017045 seconds 
========================================================================
Received Prepare
Registering precompiled user dll's ...
Registered in 0.005438 seconds.
Begin MonoManager ReloadAssembly
Native extension for WindowsStandalone target not found
Refreshing native plugins compatible for Editor in 1.38 ms, found 8 plugins.
Preloading 2 native plugins for Editor in 0.22 ms.
Mono: successfully reloaded assembly
- Completed reload, in  1.177 seconds
Domain Reload Profiling:
	ReloadAssembly (1178ms)
		BeginReloadAssembly (165ms)
			ExecutionOrderSort (0ms)
			DisableScriptedObjects (8ms)
			BackupInstance (0ms)
			ReleaseScriptingObjects (0ms)
			CreateAndSetChildDomain (62ms)
		EndReloadAssembly (894ms)
			LoadAssemblies (94ms)
			RebuildTransferFunctionScriptingTraits (0ms)
			SetupTypeCache (252ms)
			ReleaseScriptCaches (3ms)
			RebuildScriptCaches (91ms)
			SetupLoadedEditorAssemblies (400ms)
				LogAssemblyErrors (0ms)
				InitializePlatformSupportModulesInManaged (15ms)
				SetLoadedEditorAssemblies (1ms)
				RefreshPlugins (2ms)
				BeforeProcessingInitializeOnLoad (100ms)
				ProcessInitializeOnLoadAttributes (232ms)
				ProcessInitializeOnLoadMethodAttributes (43ms)
				AfterProcessingInitializeOnLoad (6ms)
				EditorAssembliesLoaded (0ms)
			ExecutionOrderSort2 (0ms)
			AwakeInstancesAfterBackupRestoration (8ms)
Platform modules already initialized, skipping
Shader 'Oculus/OVRMRCameraFrameLit': fallback shader 'Alpha-Diffuse' not found
Refreshing native plugins compatible for Editor in 5.17 ms, found 8 plugins.
Preloading 2 native plugins for Editor in 0.08 ms.
Unloading 3201 Unused Serialized files (Serialized files now loaded: 0)
Unloading 55 unused Assets / (413.3 KB). Loaded Objects now: 3859.
Memory consumption went from 161.2 MB to 160.8 MB.
Total: 3.779100 ms (FindLiveObjects: 0.225400 ms CreateObjectMapping: 0.177900 ms MarkObjects: 3.071200 ms  DeleteObjects: 0.303300 ms)

AssetImportParameters requested are different than current active one (requested -> active):
  custom:video-decoder-ogg-theora: a1e56fd34408186e4bbccfd4996cb3dc -> 
  custom:container-muxer-webm: aa71ff27fc2769a1b78a27578f13a17b -> 
  custom:container-demuxer-webm: 4f35f7cbe854078d1ac9338744f61a02 -> 
  custom:video-encoder-webm-vp8: eb34c28f22e8b96e1ab97ce403110664 -> 
  custom:video-codec-MediaFoundation-h265: 746d11721c4dcdbdad8f713fa42b33f4 -> 
  custom:audio-encoder-webm-vorbis: bf7c407c2cedff20999df2af8eb42d56 -> 
  custom:framework-win-MediaFoundation: 216162199b28c13a410421893ffa2e32 -> 
  custom:container-demuxer-ogg: 62fdf1f143b41e24485cea50d1cbac27 -> 
  custom:video-decoder-webm-vp8: 9c59270c3fd7afecdb556c50c9e8de78 -> 
  custom:audio-decoder-ogg-vorbis: bf7c407c2cedff20999df2af8eb42d56 -> 
========================================================================
Received Prepare
Registering precompiled user dll's ...
Registered in 0.005586 seconds.
Begin MonoManager ReloadAssembly
Native extension for WindowsStandalone target not found
Refreshing native plugins compatible for Editor in 1.02 ms, found 8 plugins.
Preloading 2 native plugins for Editor in 0.11 ms.
Mono: successfully reloaded assembly
- Completed reload, in  0.870 seconds
Domain Reload Profiling:
	ReloadAssembly (870ms)
		BeginReloadAssembly (110ms)
			ExecutionOrderSort (0ms)
			DisableScriptedObjects (4ms)
			BackupInstance (0ms)
			ReleaseScriptingObjects (0ms)
			CreateAndSetChildDomain (32ms)
		EndReloadAssembly (671ms)
			LoadAssemblies (75ms)
			RebuildTransferFunctionScriptingTraits (0ms)
			SetupTypeCache (199ms)
			ReleaseScriptCaches (2ms)
			RebuildScriptCaches (68ms)
			SetupLoadedEditorAssemblies (295ms)
				LogAssemblyErrors (0ms)
				InitializePlatformSupportModulesInManaged (9ms)
				SetLoadedEditorAssemblies (0ms)
				RefreshPlugins (1ms)
				BeforeProcessingInitializeOnLoad (78ms)
				ProcessInitializeOnLoadAttributes (173ms)
				ProcessInitializeOnLoadMethodAttributes (29ms)
				AfterProcessingInitializeOnLoad (4ms)
				EditorAssembliesLoaded (0ms)
			ExecutionOrderSort2 (0ms)
			AwakeInstancesAfterBackupRestoration (5ms)
Platform modules already initialized, skipping
Shader 'Oculus/OVRMRCameraFrameLit': fallback shader 'Alpha-Diffuse' not found
Refreshing native plugins compatible for Editor in 5.25 ms, found 8 plugins.
Preloading 2 native plugins for Editor in 0.08 ms.
Unloading 3201 Unused Serialized files (Serialized files now loaded: 0)
Unloading 55 unused Assets / (405.3 KB). Loaded Objects now: 3863.
Memory consumption went from 161.2 MB to 160.8 MB.
Total: 3.062900 ms (FindLiveObjects: 0.228200 ms CreateObjectMapping: 0.103000 ms MarkObjects: 2.518700 ms  DeleteObjects: 0.212100 ms)

AssetImportParameters requested are different than current active one (requested -> active):
  custom:video-decoder-ogg-theora: a1e56fd34408186e4bbccfd4996cb3dc -> 
  custom:container-muxer-webm: aa71ff27fc2769a1b78a27578f13a17b -> 
  custom:container-demuxer-webm: 4f35f7cbe854078d1ac9338744f61a02 -> 
  custom:video-encoder-webm-vp8: eb34c28f22e8b96e1ab97ce403110664 -> 
  custom:video-codec-MediaFoundation-h265: 746d11721c4dcdbdad8f713fa42b33f4 -> 
  custom:audio-encoder-webm-vorbis: bf7c407c2cedff20999df2af8eb42d56 -> 
  custom:framework-win-MediaFoundation: 216162199b28c13a410421893ffa2e32 -> 
  custom:container-demuxer-ogg: 62fdf1f143b41e24485cea50d1cbac27 -> 
  custom:video-decoder-webm-vp8: 9c59270c3fd7afecdb556c50c9e8de78 -> 
  custom:audio-decoder-ogg-vorbis: bf7c407c2cedff20999df2af8eb42d56 -> 
========================================================================
Received Prepare
Registering precompiled user dll's ...
Registered in 0.003878 seconds.
Begin MonoManager ReloadAssembly
Native extension for WindowsStandalone target not found
Refreshing native plugins compatible for Editor in 1.42 ms, found 8 plugins.
Preloading 2 native plugins for Editor in 0.25 ms.
Mono: successfully reloaded assembly
- Completed reload, in  1.178 seconds
Domain Reload Profiling:
	ReloadAssembly (1179ms)
		BeginReloadAssembly (135ms)
			ExecutionOrderSort (0ms)
			DisableScriptedObjects (4ms)
			BackupInstance (0ms)
			ReleaseScriptingObjects (0ms)
			CreateAndSetChildDomain (43ms)
		EndReloadAssembly (940ms)
			LoadAssemblies (92ms)
			RebuildTransferFunctionScriptingTraits (0ms)
			SetupTypeCache (265ms)
			ReleaseScriptCaches (3ms)
			RebuildScriptCaches (97ms)
			SetupLoadedEditorAssemblies (416ms)
				LogAssemblyErrors (0ms)
				InitializePlatformSupportModulesInManaged (16ms)
				SetLoadedEditorAssemblies (1ms)
				RefreshPlugins (2ms)
				BeforeProcessingInitializeOnLoad (98ms)
				ProcessInitializeOnLoadAttributes (251ms)
				ProcessInitializeOnLoadMethodAttributes (44ms)
				AfterProcessingInitializeOnLoad (5ms)
				EditorAssembliesLoaded (0ms)
			ExecutionOrderSort2 (0ms)
			AwakeInstancesAfterBackupRestoration (8ms)
Platform modules already initialized, skipping
Shader 'Oculus/OVRMRCameraFrameLit': fallback shader 'Alpha-Diffuse' not found
Refreshing native plugins compatible for Editor in 6.22 ms, found 8 plugins.
Preloading 2 native plugins for Editor in 0.12 ms.
Unloading 3201 Unused Serialized files (Serialized files now loaded: 0)
Unloading 55 unused Assets / (405.7 KB). Loaded Objects now: 3867.
Memory consumption went from 161.2 MB to 160.8 MB.
Total: 3.395900 ms (FindLiveObjects: 0.269300 ms CreateObjectMapping: 0.123100 ms MarkObjects: 2.610700 ms  DeleteObjects: 0.390600 ms)

AssetImportParameters requested are different than current active one (requested -> active):
  custom:video-decoder-ogg-theora: a1e56fd34408186e4bbccfd4996cb3dc -> 
  custom:container-muxer-webm: aa71ff27fc2769a1b78a27578f13a17b -> 
  custom:container-demuxer-webm: 4f35f7cbe854078d1ac9338744f61a02 -> 
  custom:video-encoder-webm-vp8: eb34c28f22e8b96e1ab97ce403110664 -> 
  custom:video-codec-MediaFoundation-h265: 746d11721c4dcdbdad8f713fa42b33f4 -> 
  custom:audio-encoder-webm-vorbis: bf7c407c2cedff20999df2af8eb42d56 -> 
  custom:framework-win-MediaFoundation: 216162199b28c13a410421893ffa2e32 -> 
  custom:container-demuxer-ogg: 62fdf1f143b41e24485cea50d1cbac27 -> 
  custom:video-decoder-webm-vp8: 9c59270c3fd7afecdb556c50c9e8de78 -> 
  custom:audio-decoder-ogg-vorbis: bf7c407c2cedff20999df2af8eb42d56 -> 
========================================================================
Received Import Request.
  Time since last request: 116.425482 seconds.
  path: Assets/code/陜暦ｽｺ陞ｳ蜥ｾanvas 2.controller
  artifactKey: Guid(8696464f39f78784e89829b72f84bb73) Importer(815301076,1909f56bfc062723c751e8b465ee728b)
Start importing Assets/code/陜暦ｽｺ陞ｳ蜥ｾanvas 2.controller using Guid(8696464f39f78784e89829b72f84bb73) Importer(815301076,1909f56bfc062723c751e8b465ee728b)  -> (artifact id: 'ccc482374dcd2b5f10f8ba9f934e0829') in 0.037542 seconds 
========================================================================
Received Import Request.
  Time since last request: 17.435896 seconds.
  path: Assets/code/2.controller
  artifactKey: Guid(8696464f39f78784e89829b72f84bb73) Importer(815301076,1909f56bfc062723c751e8b465ee728b)
Start importing Assets/code/2.controller using Guid(8696464f39f78784e89829b72f84bb73) Importer(815301076,1909f56bfc062723c751e8b465ee728b)  -> (artifact id: '4b5113ccf38ccd06408cc0a3e28bd323') in 0.011337 seconds 
========================================================================
Received Prepare
Registering precompiled user dll's ...
Registered in 0.004779 seconds.
Begin MonoManager ReloadAssembly
Native extension for WindowsStandalone target not found
Refreshing native plugins compatible for Editor in 1.35 ms, found 8 plugins.
Preloading 2 native plugins for Editor in 0.17 ms.
Mono: successfully reloaded assembly
- Completed reload, in  1.125 seconds
Domain Reload Profiling:
	ReloadAssembly (1126ms)
		BeginReloadAssembly (120ms)
			ExecutionOrderSort (0ms)
			DisableScriptedObjects (5ms)
			BackupInstance (0ms)
			ReleaseScriptingObjects (0ms)
			CreateAndSetChildDomain (31ms)
		EndReloadAssembly (910ms)
			LoadAssemblies (95ms)
			RebuildTransferFunctionScriptingTraits (0ms)
			SetupTypeCache (252ms)
			ReleaseScriptCaches (4ms)
			RebuildScriptCaches (91ms)
			SetupLoadedEditorAssemblies (407ms)
				LogAssemblyErrors (0ms)
				InitializePlatformSupportModulesInManaged (13ms)
				SetLoadedEditorAssemblies (0ms)
				RefreshPlugins (2ms)
				BeforeProcessingInitializeOnLoad (98ms)
				ProcessInitializeOnLoadAttributes (248ms)
				ProcessInitializeOnLoadMethodAttributes (40ms)
				AfterProcessingInitializeOnLoad (6ms)
				EditorAssembliesLoaded (0ms)
			ExecutionOrderSort2 (0ms)
			AwakeInstancesAfterBackupRestoration (8ms)
Platform modules already initialized, skipping
Shader 'Oculus/OVRMRCameraFrameLit': fallback shader 'Alpha-Diffuse' not found
Refreshing native plugins compatible for Editor in 7.31 ms, found 8 plugins.
Preloading 2 native plugins for Editor in 0.18 ms.
Unloading 3201 Unused Serialized files (Serialized files now loaded: 0)
Unloading 55 unused Assets / (405.4 KB). Loaded Objects now: 3871.
Memory consumption went from 161.3 MB to 160.9 MB.
Total: 4.352600 ms (FindLiveObjects: 0.382100 ms CreateObjectMapping: 0.239600 ms MarkObjects: 3.370700 ms  DeleteObjects: 0.358100 ms)

AssetImportParameters requested are different than current active one (requested -> active):
  custom:video-decoder-ogg-theora: a1e56fd34408186e4bbccfd4996cb3dc -> 
  custom:container-muxer-webm: aa71ff27fc2769a1b78a27578f13a17b -> 
  custom:container-demuxer-webm: 4f35f7cbe854078d1ac9338744f61a02 -> 
  custom:video-encoder-webm-vp8: eb34c28f22e8b96e1ab97ce403110664 -> 
  custom:video-codec-MediaFoundation-h265: 746d11721c4dcdbdad8f713fa42b33f4 -> 
  custom:audio-encoder-webm-vorbis: bf7c407c2cedff20999df2af8eb42d56 -> 
  custom:framework-win-MediaFoundation: 216162199b28c13a410421893ffa2e32 -> 
  custom:container-demuxer-ogg: 62fdf1f143b41e24485cea50d1cbac27 -> 
  custom:video-decoder-webm-vp8: 9c59270c3fd7afecdb556c50c9e8de78 -> 
  custom:audio-decoder-ogg-vorbis: bf7c407c2cedff20999df2af8eb42d56 -> 
========================================================================
Received Import Request.
  Time since last request: 90.422234 seconds.
  path: Assets/code/陜暦ｽｺ陞ｳ蜥ｾanvas 1.controller
  artifactKey: Guid(78f4e754ee79cf04cbd05047fb64c8a5) Importer(815301076,1909f56bfc062723c751e8b465ee728b)
Start importing Assets/code/陜暦ｽｺ陞ｳ蜥ｾanvas 1.controller using Guid(78f4e754ee79cf04cbd05047fb64c8a5) Importer(815301076,1909f56bfc062723c751e8b465ee728b)  -> (artifact id: '6fcca9f0b44a291dcf643a90903f186d') in 0.037204 seconds 
========================================================================
Received Import Request.
  Time since last request: 6.180347 seconds.
  path: Assets/code/1.controller
  artifactKey: Guid(78f4e754ee79cf04cbd05047fb64c8a5) Importer(815301076,1909f56bfc062723c751e8b465ee728b)
Start importing Assets/code/1.controller using Guid(78f4e754ee79cf04cbd05047fb64c8a5) Importer(815301076,1909f56bfc062723c751e8b465ee728b)  -> (artifact id: '254701112bdcc14e74bf5e53447d4899') in 0.008891 seconds 
========================================================================
Received Import Request.
  Time since last request: 3.598793 seconds.
  path: Assets/code/固定Canvas 2.controller
  artifactKey: Guid(df266bf24061f89419ef08fc6bc1bd02) Importer(815301076,1909f56bfc062723c751e8b465ee728b)
Start importing Assets/code/固定Canvas 2.controller using Guid(df266bf24061f89419ef08fc6bc1bd02) Importer(815301076,1909f56bfc062723c751e8b465ee728b)  -> (artifact id: '5cd1836073cee0d20cbccc6599c5148f') in 0.010867 seconds 
========================================================================
Received Import Request.
  Time since last request: 4.803271 seconds.
  path: Assets/code/蝗ｺ螳咾anvas 1.controller
  artifactKey: Guid(d248b7c68fff6d24694098add18afe78) Importer(815301076,1909f56bfc062723c751e8b465ee728b)
Start importing Assets/code/蝗ｺ螳咾anvas 1.controller using Guid(d248b7c68fff6d24694098add18afe78) Importer(815301076,1909f56bfc062723c751e8b465ee728b)  -> (artifact id: '51655be2b8a99390ba0024a5f783e2d6') in 0.013433 seconds 
========================================================================
Received Import Request.
  Time since last request: 3.917924 seconds.
  path: Assets/code/蝗ｺ螳咾anvas 2.controller
  artifactKey: Guid(d2f32dc1123fc05499236dacdeed149f) Importer(815301076,1909f56bfc062723c751e8b465ee728b)
Start importing Assets/code/蝗ｺ螳咾anvas 2.controller using Guid(d2f32dc1123fc05499236dacdeed149f) Importer(815301076,1909f56bfc062723c751e8b465ee728b)  -> (artifact id: 'e4a315f2187292042d39e06fea3aa05e') in 0.011312 seconds 
========================================================================
Received Prepare
Registering precompiled user dll's ...
Registered in 0.003595 seconds.
Begin MonoManager ReloadAssembly
Native extension for WindowsStandalone target not found
Refreshing native plugins compatible for Editor in 1.68 ms, found 8 plugins.
Preloading 2 native plugins for Editor in 0.15 ms.
Mono: successfully reloaded assembly
- Completed reload, in  1.154 seconds
Domain Reload Profiling:
	ReloadAssembly (1154ms)
		BeginReloadAssembly (128ms)
			ExecutionOrderSort (0ms)
			DisableScriptedObjects (3ms)
			BackupInstance (0ms)
			ReleaseScriptingObjects (0ms)
			CreateAndSetChildDomain (43ms)
		EndReloadAssembly (941ms)
			LoadAssemblies (84ms)
			RebuildTransferFunctionScriptingTraits (0ms)
			SetupTypeCache (270ms)
			ReleaseScriptCaches (4ms)
			RebuildScriptCaches (97ms)
			SetupLoadedEditorAssemblies (422ms)
				LogAssemblyErrors (0ms)
				InitializePlatformSupportModulesInManaged (15ms)
				SetLoadedEditorAssemblies (1ms)
				RefreshPlugins (2ms)
				BeforeProcessingInitializeOnLoad (102ms)
				ProcessInitializeOnLoadAttributes (258ms)
				ProcessInitializeOnLoadMethodAttributes (39ms)
				AfterProcessingInitializeOnLoad (6ms)
				EditorAssembliesLoaded (0ms)
			ExecutionOrderSort2 (0ms)
			AwakeInstancesAfterBackupRestoration (7ms)
Platform modules already initialized, skipping
Shader 'Oculus/OVRMRCameraFrameLit': fallback shader 'Alpha-Diffuse' not found
Refreshing native plugins compatible for Editor in 6.52 ms, found 8 plugins.
Preloading 2 native plugins for Editor in 0.12 ms.
Unloading 3201 Unused Serialized files (Serialized files now loaded: 0)
Unloading 55 unused Assets / (405.4 KB). Loaded Objects now: 3875.
Memory consumption went from 161.3 MB to 160.9 MB.
Total: 4.480500 ms (FindLiveObjects: 0.331800 ms CreateObjectMapping: 0.433400 ms MarkObjects: 3.406800 ms  DeleteObjects: 0.306800 ms)

AssetImportParameters requested are different than current active one (requested -> active):
  custom:video-decoder-ogg-theora: a1e56fd34408186e4bbccfd4996cb3dc -> 
  custom:container-muxer-webm: aa71ff27fc2769a1b78a27578f13a17b -> 
  custom:container-demuxer-webm: 4f35f7cbe854078d1ac9338744f61a02 -> 
  custom:video-encoder-webm-vp8: eb34c28f22e8b96e1ab97ce403110664 -> 
  custom:video-codec-MediaFoundation-h265: 746d11721c4dcdbdad8f713fa42b33f4 -> 
  custom:audio-encoder-webm-vorbis: bf7c407c2cedff20999df2af8eb42d56 -> 
  custom:framework-win-MediaFoundation: 216162199b28c13a410421893ffa2e32 -> 
  custom:container-demuxer-ogg: 62fdf1f143b41e24485cea50d1cbac27 -> 
  custom:video-decoder-webm-vp8: 9c59270c3fd7afecdb556c50c9e8de78 -> 
  custom:audio-decoder-ogg-vorbis: bf7c407c2cedff20999df2af8eb42d56 -> 
========================================================================
Received Import Request.
  Time since last request: 47.784767 seconds.
  path: Assets/code/髫ｱ・ｬ隴上・controller
  artifactKey: Guid(b6fd31e7ae96f054ab6a71706a6cb63a) Importer(815301076,1909f56bfc062723c751e8b465ee728b)
Start importing Assets/code/髫ｱ・ｬ隴上・controller using Guid(b6fd31e7ae96f054ab6a71706a6cb63a) Importer(815301076,1909f56bfc062723c751e8b465ee728b)  -> (artifact id: 'b012d0d42b70a116f0eb3fb46909bafc') in 0.023725 seconds 
========================================================================
Received Import Request.
  Time since last request: 8.733874 seconds.
  path: Assets/code/3
  artifactKey: Guid(b6fd31e7ae96f054ab6a71706a6cb63a) Importer(815301076,1909f56bfc062723c751e8b465ee728b)
Start importing Assets/code/3 using Guid(b6fd31e7ae96f054ab6a71706a6cb63a) Importer(815301076,1909f56bfc062723c751e8b465ee728b)  -> (artifact id: 'ca8036648a83e5c02bc4dd5c125b8926') in 0.009327 seconds 
========================================================================
Received Import Request.
  Time since last request: 23.998565 seconds.
  path: Assets/code/隱ｬ譏・controller
  artifactKey: Guid(60b80e8bf478af44db0bd3ae31e72e97) Importer(815301076,1909f56bfc062723c751e8b465ee728b)
Start importing Assets/code/隱ｬ譏・controller using Guid(60b80e8bf478af44db0bd3ae31e72e97) Importer(815301076,1909f56bfc062723c751e8b465ee728b)  -> (artifact id: 'f83fe0df13706134d0159be6d803cadc') in 0.015503 seconds 
========================================================================
Received Import Request.
  Time since last request: 7.047569 seconds.
  path: Assets/code/説明.controller
  artifactKey: Guid(978870268b493774391d81c15415e5db) Importer(815301076,1909f56bfc062723c751e8b465ee728b)
Start importing Assets/code/説明.controller using Guid(978870268b493774391d81c15415e5db) Importer(815301076,1909f56bfc062723c751e8b465ee728b)  -> (artifact id: 'b69fd2bd9a874192280ec62981d48f51') in 0.011628 seconds 
========================================================================
Received Prepare
Registering precompiled user dll's ...
Registered in 0.006005 seconds.
Begin MonoManager ReloadAssembly
Native extension for WindowsStandalone target not found
Refreshing native plugins compatible for Editor in 1.55 ms, found 8 plugins.
Preloading 2 native plugins for Editor in 0.24 ms.
Mono: successfully reloaded assembly
- Completed reload, in  1.136 seconds
Domain Reload Profiling:
	ReloadAssembly (1137ms)
		BeginReloadAssembly (137ms)
			ExecutionOrderSort (0ms)
			DisableScriptedObjects (4ms)
			BackupInstance (0ms)
			ReleaseScriptingObjects (0ms)
			CreateAndSetChildDomain (45ms)
		EndReloadAssembly (901ms)
			LoadAssemblies (80ms)
			RebuildTransferFunctionScriptingTraits (0ms)
			SetupTypeCache (262ms)
			ReleaseScriptCaches (3ms)
			RebuildScriptCaches (94ms)
			SetupLoadedEditorAssemblies (393ms)
				LogAssemblyErrors (0ms)
				InitializePlatformSupportModulesInManaged (14ms)
				SetLoadedEditorAssemblies (1ms)
				RefreshPlugins (2ms)
				BeforeProcessingInitializeOnLoad (90ms)
				ProcessInitializeOnLoadAttributes (242ms)
				ProcessInitializeOnLoadMethodAttributes (39ms)
				AfterProcessingInitializeOnLoad (5ms)
				EditorAssembliesLoaded (0ms)
			ExecutionOrderSort2 (0ms)
			AwakeInstancesAfterBackupRestoration (8ms)
Platform modules already initialized, skipping
Shader 'Oculus/OVRMRCameraFrameLit': fallback shader 'Alpha-Diffuse' not found
Refreshing native plugins compatible for Editor in 7.56 ms, found 8 plugins.
Preloading 2 native plugins for Editor in 0.11 ms.
Unloading 3201 Unused Serialized files (Serialized files now loaded: 0)
Unloading 55 unused Assets / (405.5 KB). Loaded Objects now: 3879.
Memory consumption went from 161.3 MB to 160.9 MB.
Total: 4.389500 ms (FindLiveObjects: 0.457800 ms CreateObjectMapping: 0.204100 ms MarkObjects: 3.366200 ms  DeleteObjects: 0.359500 ms)

AssetImportParameters requested are different than current active one (requested -> active):
  custom:video-decoder-ogg-theora: a1e56fd34408186e4bbccfd4996cb3dc -> 
  custom:container-muxer-webm: aa71ff27fc2769a1b78a27578f13a17b -> 
  custom:container-demuxer-webm: 4f35f7cbe854078d1ac9338744f61a02 -> 
  custom:video-encoder-webm-vp8: eb34c28f22e8b96e1ab97ce403110664 -> 
  custom:video-codec-MediaFoundation-h265: 746d11721c4dcdbdad8f713fa42b33f4 -> 
  custom:audio-encoder-webm-vorbis: bf7c407c2cedff20999df2af8eb42d56 -> 
  custom:framework-win-MediaFoundation: 216162199b28c13a410421893ffa2e32 -> 
  custom:container-demuxer-ogg: 62fdf1f143b41e24485cea50d1cbac27 -> 
  custom:video-decoder-webm-vp8: 9c59270c3fd7afecdb556c50c9e8de78 -> 
  custom:audio-decoder-ogg-vorbis: bf7c407c2cedff20999df2af8eb42d56 -> 
========================================================================
Received Import Request.
  Time since last request: 118.813787 seconds.
  path: Assets/code/color.controller
  artifactKey: Guid(8696464f39f78784e89829b72f84bb73) Importer(815301076,1909f56bfc062723c751e8b465ee728b)
Start importing Assets/code/color.controller using Guid(8696464f39f78784e89829b72f84bb73) Importer(815301076,1909f56bfc062723c751e8b465ee728b)  -> (artifact id: 'd5c9ca4fb07a367bb9b65585146d1402') in 0.027244 seconds 
========================================================================
Received Import Request.
  Time since last request: 6.239817 seconds.
  path: Assets/code/here.controller
  artifactKey: Guid(78f4e754ee79cf04cbd05047fb64c8a5) Importer(815301076,1909f56bfc062723c751e8b465ee728b)
Start importing Assets/code/here.controller using Guid(78f4e754ee79cf04cbd05047fb64c8a5) Importer(815301076,1909f56bfc062723c751e8b465ee728b)  -> (artifact id: '653fae0663932e620a2578196a17dfb7') in 0.009898 seconds 
========================================================================
Received Prepare
Registering precompiled user dll's ...
Registered in 0.005808 seconds.
Begin MonoManager ReloadAssembly
Native extension for WindowsStandalone target not found
Refreshing native plugins compatible for Editor in 1.06 ms, found 8 plugins.
Preloading 2 native plugins for Editor in 0.17 ms.
Mono: successfully reloaded assembly
- Completed reload, in  1.130 seconds
Domain Reload Profiling:
	ReloadAssembly (1130ms)
		BeginReloadAssembly (156ms)
			ExecutionOrderSort (0ms)
			DisableScriptedObjects (11ms)
			BackupInstance (0ms)
			ReleaseScriptingObjects (0ms)
			CreateAndSetChildDomain (43ms)
		EndReloadAssembly (872ms)
			LoadAssemblies (94ms)
			RebuildTransferFunctionScriptingTraits (0ms)
			SetupTypeCache (252ms)
			ReleaseScriptCaches (3ms)
			RebuildScriptCaches (86ms)
			SetupLoadedEditorAssemblies (390ms)
				LogAssemblyErrors (0ms)
				InitializePlatformSupportModulesInManaged (14ms)
				SetLoadedEditorAssemblies (0ms)
				RefreshPlugins (1ms)
				BeforeProcessingInitializeOnLoad (91ms)
				ProcessInitializeOnLoadAttributes (239ms)
				ProcessInitializeOnLoadMethodAttributes (39ms)
				AfterProcessingInitializeOnLoad (6ms)
				EditorAssembliesLoaded (0ms)
			ExecutionOrderSort2 (0ms)
			AwakeInstancesAfterBackupRestoration (7ms)
Platform modules already initialized, skipping
Shader 'Oculus/OVRMRCameraFrameLit': fallback shader 'Alpha-Diffuse' not found
Refreshing native plugins compatible for Editor in 5.88 ms, found 8 plugins.
Preloading 2 native plugins for Editor in 0.17 ms.
Unloading 3201 Unused Serialized files (Serialized files now loaded: 0)
Unloading 55 unused Assets / (413.3 KB). Loaded Objects now: 3883.
Memory consumption went from 161.3 MB to 160.9 MB.
Total: 3.873700 ms (FindLiveObjects: 0.321400 ms CreateObjectMapping: 0.146900 ms MarkObjects: 3.003500 ms  DeleteObjects: 0.399900 ms)

AssetImportParameters requested are different than current active one (requested -> active):
  custom:video-decoder-ogg-theora: a1e56fd34408186e4bbccfd4996cb3dc -> 
  custom:container-muxer-webm: aa71ff27fc2769a1b78a27578f13a17b -> 
  custom:container-demuxer-webm: 4f35f7cbe854078d1ac9338744f61a02 -> 
  custom:video-encoder-webm-vp8: eb34c28f22e8b96e1ab97ce403110664 -> 
  custom:video-codec-MediaFoundation-h265: 746d11721c4dcdbdad8f713fa42b33f4 -> 
  custom:audio-encoder-webm-vorbis: bf7c407c2cedff20999df2af8eb42d56 -> 
  custom:framework-win-MediaFoundation: 216162199b28c13a410421893ffa2e32 -> 
  custom:container-demuxer-ogg: 62fdf1f143b41e24485cea50d1cbac27 -> 
  custom:video-decoder-webm-vp8: 9c59270c3fd7afecdb556c50c9e8de78 -> 
  custom:audio-decoder-ogg-vorbis: bf7c407c2cedff20999df2af8eb42d56 -> 
