Using pre-set license
Built from '2021.3/staging' branch; Version is '2021.3.11f1 (0a5ca18544bf) revision 679073'; Using compiler version '192829333'; Build Type 'Release'
OS: 'Windows 11  (10.0.22621) 64bit Professional' Language: 'ja' Physical Memory: 16047 MB
BatchMode: 1, IsHumanControllingUs: 0, StartBugReporterOnCrash: 0, Is64bit: 1, IsPro: 1

COMMAND LINE ARGUMENTS:
C:\Unity\2021.3.11f1\Editor\Unity.exe
-adb2
-batchMode
-noUpm
-name
AssetImportWorker1
-projectPath
C:/Users/tomoaki/Documents/GitHub/VR-zounohamigakiko/yume1103
-logFile
Logs/AssetImportWorker1.log
-srvPort
50047
Successfully changed project path to: C:/Users/tomoaki/Documents/GitHub/VR-zounohamigakiko/yume1103
C:/Users/tomoaki/Documents/GitHub/VR-zounohamigakiko/yume1103
[UnityMemory] Configuration Parameters - Can be set up in boot.config
    "memorysetup-bucket-allocator-granularity=16"
    "memorysetup-bucket-allocator-bucket-count=8"
    "memorysetup-bucket-allocator-block-size=33554432"
    "memorysetup-bucket-allocator-block-count=8"
    "memorysetup-main-allocator-block-size=16777216"
    "memorysetup-thread-allocator-block-size=16777216"
    "memorysetup-gfx-main-allocator-block-size=16777216"
    "memorysetup-gfx-thread-allocator-block-size=16777216"
    "memorysetup-cache-allocator-block-size=4194304"
    "memorysetup-typetree-allocator-block-size=2097152"
    "memorysetup-profiler-bucket-allocator-granularity=16"
    "memorysetup-profiler-bucket-allocator-bucket-count=8"
    "memorysetup-profiler-bucket-allocator-block-size=33554432"
    "memorysetup-profiler-bucket-allocator-block-count=8"
    "memorysetup-profiler-allocator-block-size=16777216"
    "memorysetup-profiler-editor-allocator-block-size=1048576"
    "memorysetup-temp-allocator-size-main=16777216"
    "memorysetup-job-temp-allocator-block-size=2097152"
    "memorysetup-job-temp-allocator-block-size-background=1048576"
    "memorysetup-job-temp-allocator-reduction-small-platforms=262144"
    "memorysetup-temp-allocator-size-background-worker=32768"
    "memorysetup-temp-allocator-size-job-worker=262144"
    "memorysetup-temp-allocator-size-preload-manager=33554432"
    "memorysetup-temp-allocator-size-nav-mesh-worker=65536"
    "memorysetup-temp-allocator-size-audio-worker=65536"
    "memorysetup-temp-allocator-size-cloud-worker=32768"
    "memorysetup-temp-allocator-size-gi-baking-worker=262144"
    "memorysetup-temp-allocator-size-gfx=262144"
Refreshing native plugins compatible for Editor in 82.10 ms, found 8 plugins.
Preloading 2 native plugins for Editor in 1.59 ms.
Initialize engine version: 2021.3.11f1 (0a5ca18544bf)
[Subsystems] Discovering subsystems at path C:/Unity/2021.3.11f1/Editor/Data/Resources/UnitySubsystems
[Subsystems] Discovering subsystems at path C:/Users/tomoaki/Documents/GitHub/VR-zounohamigakiko/yume1103/Assets
GfxDevice: creating device client; threaded=0; jobified=0
Direct3D:
    Version:  Direct3D 11.0 [level 11.1]
    Renderer: Intel(R) Iris(R) Xe Graphics (ID=0x9a49)
    Vendor:   Intel
    VRAM:     8023 MB
    Driver:   30.0.100.9864
Shader 'Oculus/OVRMRCameraFrameLit': fallback shader 'Alpha-Diffuse' not found
Initialize mono
Mono path[0] = 'C:/Unity/2021.3.11f1/Editor/Data/Managed'
Mono path[1] = 'C:/Unity/2021.3.11f1/Editor/Data/MonoBleedingEdge/lib/mono/unityjit-win32'
Mono config path = 'C:/Unity/2021.3.11f1/Editor/Data/MonoBleedingEdge/etc'
Using monoOptions --debugger-agent=transport=dt_socket,embedding=1,server=y,suspend=n,address=127.0.0.1:56164
Begin MonoManager ReloadAssembly
Registering precompiled unity dll's ...
Register platform support module: C:/Unity/2021.3.11f1/Editor/Data/PlaybackEngines/WindowsStandaloneSupport/UnityEditor.WindowsStandalone.Extensions.dll
Registered in 0.002287 seconds.
Native extension for WindowsStandalone target not found
Refreshing native plugins compatible for Editor in 70.82 ms, found 8 plugins.
Preloading 2 native plugins for Editor in 0.15 ms.
Mono: successfully reloaded assembly
- Completed reload, in  0.560 seconds
Domain Reload Profiling:
	ReloadAssembly (561ms)
		BeginReloadAssembly (53ms)
			ExecutionOrderSort (0ms)
			DisableScriptedObjects (0ms)
			BackupInstance (0ms)
			ReleaseScriptingObjects (0ms)
			CreateAndSetChildDomain (1ms)
		EndReloadAssembly (411ms)
			LoadAssemblies (51ms)
			RebuildTransferFunctionScriptingTraits (0ms)
			SetupTypeCache (102ms)
			ReleaseScriptCaches (0ms)
			RebuildScriptCaches (27ms)
			SetupLoadedEditorAssemblies (231ms)
				LogAssemblyErrors (0ms)
				InitializePlatformSupportModulesInManaged (5ms)
				SetLoadedEditorAssemblies (0ms)
				RefreshPlugins (71ms)
				BeforeProcessingInitializeOnLoad (1ms)
				ProcessInitializeOnLoadAttributes (112ms)
				ProcessInitializeOnLoadMethodAttributes (40ms)
				AfterProcessingInitializeOnLoad (0ms)
				EditorAssembliesLoaded (0ms)
			ExecutionOrderSort2 (0ms)
			AwakeInstancesAfterBackupRestoration (0ms)
Platform modules already initialized, skipping
Registering precompiled user dll's ...
Registered in 0.005337 seconds.
Begin MonoManager ReloadAssembly
Native extension for WindowsStandalone target not found
Refreshing native plugins compatible for Editor in 0.93 ms, found 8 plugins.
Preloading 2 native plugins for Editor in 0.12 ms.
Package Manager log level set to [2]
[XR] OculusXRPlugin: registering subsystems
[XR] Unable to register display lifecyle provider: [1]
[XR] Oculus Input lifecycle provider registered.
[XR] Unable to register input lifecyle provider: [1]
[XR] OVRP version 1.76.0
Mono: successfully reloaded assembly
- Completed reload, in  0.834 seconds
Domain Reload Profiling:
	ReloadAssembly (834ms)
		BeginReloadAssembly (101ms)
			ExecutionOrderSort (0ms)
			DisableScriptedObjects (5ms)
			BackupInstance (0ms)
			ReleaseScriptingObjects (0ms)
			CreateAndSetChildDomain (20ms)
		EndReloadAssembly (632ms)
			LoadAssemblies (81ms)
			RebuildTransferFunctionScriptingTraits (0ms)
			SetupTypeCache (178ms)
			ReleaseScriptCaches (0ms)
			RebuildScriptCaches (61ms)
			SetupLoadedEditorAssemblies (287ms)
				LogAssemblyErrors (0ms)
				InitializePlatformSupportModulesInManaged (3ms)
				SetLoadedEditorAssemblies (0ms)
				RefreshPlugins (1ms)
				BeforeProcessingInitializeOnLoad (68ms)
				ProcessInitializeOnLoadAttributes (172ms)
				ProcessInitializeOnLoadMethodAttributes (37ms)
				AfterProcessingInitializeOnLoad (4ms)
				EditorAssembliesLoaded (0ms)
			ExecutionOrderSort2 (0ms)
			AwakeInstancesAfterBackupRestoration (6ms)
Platform modules already initialized, skipping
========================================================================
Worker process is ready to serve import requests
Shader 'Oculus/OVRMRCameraFrameLit': fallback shader 'Alpha-Diffuse' not found
Launched and connected shader compiler UnityShaderCompiler.exe after 0.05 seconds
Refreshing native plugins compatible for Editor in 1.05 ms, found 8 plugins.
Preloading 2 native plugins for Editor in 0.15 ms.
Unloading 3327 Unused Serialized files (Serialized files now loaded: 0)
Unloading 66 unused Assets / (429.2 KB). Loaded Objects now: 3782.
Memory consumption went from 167.8 MB to 167.4 MB.
Total: 3.394300 ms (FindLiveObjects: 0.274800 ms CreateObjectMapping: 0.119000 ms MarkObjects: 2.724400 ms  DeleteObjects: 0.275000 ms)

AssetImportParameters requested are different than current active one (requested -> active):
  custom:video-decoder-ogg-theora: a1e56fd34408186e4bbccfd4996cb3dc -> 
  custom:container-muxer-webm: aa71ff27fc2769a1b78a27578f13a17b -> 
  custom:container-demuxer-webm: 4f35f7cbe854078d1ac9338744f61a02 -> 
  custom:video-encoder-webm-vp8: eb34c28f22e8b96e1ab97ce403110664 -> 
  custom:video-codec-MediaFoundation-h265: 746d11721c4dcdbdad8f713fa42b33f4 -> 
  custom:audio-encoder-webm-vorbis: bf7c407c2cedff20999df2af8eb42d56 -> 
  custom:framework-win-MediaFoundation: 216162199b28c13a410421893ffa2e32 -> 
  custom:container-demuxer-ogg: 62fdf1f143b41e24485cea50d1cbac27 -> 
  custom:video-decoder-webm-vp8: 9c59270c3fd7afecdb556c50c9e8de78 -> 
  custom:audio-decoder-ogg-vorbis: bf7c407c2cedff20999df2af8eb42d56 -> 
========================================================================
Received Import Request.
  Time since last request: 176845.283265 seconds.
  path: Assets/moji/Bin.png
  artifactKey: Guid(3495263453985fb4e87210ccaa8a3276) Importer(815301076,1909f56bfc062723c751e8b465ee728b)
Start importing Assets/moji/Bin.png using Guid(3495263453985fb4e87210ccaa8a3276) Importer(815301076,1909f56bfc062723c751e8b465ee728b)  -> (artifact id: '2cc3fd7f28de80bed3e3f920ab59547f') in 0.192401 seconds 
========================================================================
Received Import Request.
  Time since last request: 0.000022 seconds.
  path: Assets/moji/邵ｺ阮呻ｼ・ｸｺ・ｫ.png
  artifactKey: Guid(b0e4a031c7ecb9d418ec33f233a13e1d) Importer(815301076,1909f56bfc062723c751e8b465ee728b)
Start importing Assets/moji/邵ｺ阮呻ｼ・ｸｺ・ｫ.png using Guid(b0e4a031c7ecb9d418ec33f233a13e1d) Importer(815301076,1909f56bfc062723c751e8b465ee728b)  -> (artifact id: '0c632f635df04186cf6f84073ff77fa0') in 0.027032 seconds 
========================================================================
Received Import Request.
  Time since last request: 0.000037 seconds.
  path: Assets/moji/縺薙％縺ｫ.png
  artifactKey: Guid(17d5c91a1783695458940791efc6f0a2) Importer(815301076,1909f56bfc062723c751e8b465ee728b)
Start importing Assets/moji/縺薙％縺ｫ.png using Guid(17d5c91a1783695458940791efc6f0a2) Importer(815301076,1909f56bfc062723c751e8b465ee728b)  -> (artifact id: '1c68718d9811d2a4146cd85c6d0c4654') in 0.032682 seconds 
========================================================================
Received Import Request.
  Time since last request: 0.000036 seconds.
  path: Assets/moji/e.png
  artifactKey: Guid(f3050f5ca4f87344ea54db094bc82b3c) Importer(815301076,1909f56bfc062723c751e8b465ee728b)
Start importing Assets/moji/e.png using Guid(f3050f5ca4f87344ea54db094bc82b3c) Importer(815301076,1909f56bfc062723c751e8b465ee728b)  -> (artifact id: '4cb37e4696abc2d2a158354736b7ba0a') in 0.023170 seconds 
========================================================================
Received Import Request.
  Time since last request: 0.000034 seconds.
  path: Assets/moji/縺ｪ縺偵ｈ.png
  artifactKey: Guid(9b0e54655ee7ca140a711e55d43eae95) Importer(815301076,1909f56bfc062723c751e8b465ee728b)
Start importing Assets/moji/縺ｪ縺偵ｈ.png using Guid(9b0e54655ee7ca140a711e55d43eae95) Importer(815301076,1909f56bfc062723c751e8b465ee728b)  -> (artifact id: '31a7806226fdc498d131e5c25e346a87') in 0.031280 seconds 
========================================================================
Received Import Request.
  Time since last request: 0.000032 seconds.
  path: Assets/moji/縺ゅ°.png
  artifactKey: Guid(afcf3c7d525271b46933ab6a2a0cae4b) Importer(815301076,1909f56bfc062723c751e8b465ee728b)
Start importing Assets/moji/縺ゅ°.png using Guid(afcf3c7d525271b46933ab6a2a0cae4b) Importer(815301076,1909f56bfc062723c751e8b465ee728b)  -> (artifact id: '5836a8944bdbbd2f5cd4599f98b28eeb') in 0.017144 seconds 
========================================================================
Received Import Request.
  Time since last request: 0.000032 seconds.
  path: Assets/moji/enogu.png
  artifactKey: Guid(a83b9570221ec0649a3f90a0ccef7cab) Importer(815301076,1909f56bfc062723c751e8b465ee728b)
Start importing Assets/moji/enogu.png using Guid(a83b9570221ec0649a3f90a0ccef7cab) Importer(815301076,1909f56bfc062723c751e8b465ee728b)  -> (artifact id: '0c42c1f37b8e4453dfefff86d639c406') in 0.035116 seconds 
========================================================================
Received Import Request.
  Time since last request: 0.000033 seconds.
  path: Assets/moji/yaji.png
  artifactKey: Guid(019a6e84f12088d48afc6836fc933044) Importer(815301076,1909f56bfc062723c751e8b465ee728b)
Start importing Assets/moji/yaji.png using Guid(019a6e84f12088d48afc6836fc933044) Importer(815301076,1909f56bfc062723c751e8b465ee728b)  -> (artifact id: '088fcc685b93fc8d2ca537d4f7c1cfa4') in 0.145667 seconds 
========================================================================
Received Import Request.
  Time since last request: 0.000048 seconds.
  path: Assets/moji/KuMA3.png
  artifactKey: Guid(6cca591f35503ed44971e89a07c83de7) Importer(815301076,1909f56bfc062723c751e8b465ee728b)
Start importing Assets/moji/KuMA3.png using Guid(6cca591f35503ed44971e89a07c83de7) Importer(815301076,1909f56bfc062723c751e8b465ee728b)  -> (artifact id: '018bf0b8980f6e361f34d282f0fc96ce') in 0.086425 seconds 
========================================================================
Received Import Request.
  Time since last request: 0.000031 seconds.
  path: Assets/moji/ka.png
  artifactKey: Guid(844c5b9e0ec421a41a71c78de2267593) Importer(815301076,1909f56bfc062723c751e8b465ee728b)
Start importing Assets/moji/ka.png using Guid(844c5b9e0ec421a41a71c78de2267593) Importer(815301076,1909f56bfc062723c751e8b465ee728b)  -> (artifact id: '3e5603fed123e6d9d47f3f7c008686ec') in 0.024146 seconds 
========================================================================
Received Import Request.
  Time since last request: 0.000023 seconds.
  path: Assets/moji/繧ｾ繧ｦ縺ｮ.png
  artifactKey: Guid(a3cbf7fb1815b4541baaf6ab6bc82ce4) Importer(815301076,1909f56bfc062723c751e8b465ee728b)
Start importing Assets/moji/繧ｾ繧ｦ縺ｮ.png using Guid(a3cbf7fb1815b4541baaf6ab6bc82ce4) Importer(815301076,1909f56bfc062723c751e8b465ee728b)  -> (artifact id: 'f4bdee405f46556c3daf69cea8fa8a63') in 0.022523 seconds 
========================================================================
Received Import Request.
  Time since last request: 0.000031 seconds.
  path: Assets/moji/sekkenn.png
  artifactKey: Guid(0b377f48c9fa38d44b4b96ac90a8eb36) Importer(815301076,1909f56bfc062723c751e8b465ee728b)
Start importing Assets/moji/sekkenn.png using Guid(0b377f48c9fa38d44b4b96ac90a8eb36) Importer(815301076,1909f56bfc062723c751e8b465ee728b)  -> (artifact id: '382794bb29e2e2f320ba87a08bafc3f2') in 0.022502 seconds 
========================================================================
Received Import Request.
  Time since last request: 0.000031 seconds.
  path: Assets/moji/unko.png
  artifactKey: Guid(70c0e738d1b15cc4db1669e64d0c2969) Importer(815301076,1909f56bfc062723c751e8b465ee728b)
Start importing Assets/moji/unko.png using Guid(70c0e738d1b15cc4db1669e64d0c2969) Importer(815301076,1909f56bfc062723c751e8b465ee728b)  -> (artifact id: 'e0c36716044ceb496d5d893c5ac552ad') in 0.039911 seconds 
========================================================================
Received Import Request.
  Time since last request: 0.000026 seconds.
  path: Assets/moji/kuro.mat
  artifactKey: Guid(6be07890d075791459508b705c06f78f) Importer(815301076,1909f56bfc062723c751e8b465ee728b)
Start importing Assets/moji/kuro.mat using Guid(6be07890d075791459508b705c06f78f) Importer(815301076,1909f56bfc062723c751e8b465ee728b)  -> (artifact id: '9dece6271a27a0156f8e908a884848ce') in 0.069905 seconds 
========================================================================
Received Import Request.
  Time since last request: 12.904052 seconds.
  path: Assets/Prefab/cloud (3).prefab
  artifactKey: Guid(48cd0e142492bf1439dd04d061ae3d35) Importer(815301076,1909f56bfc062723c751e8b465ee728b)
Start importing Assets/Prefab/cloud (3).prefab using Guid(48cd0e142492bf1439dd04d061ae3d35) Importer(815301076,1909f56bfc062723c751e8b465ee728b)  -> (artifact id: '702dff56b2434ac7b82317856b2ab25f') in 0.055567 seconds 
========================================================================
Received Import Request.
  Time since last request: 0.000022 seconds.
  path: Assets/Prefab/cloud.fbx
  artifactKey: Guid(d226df6e07663374cba7c486f4d8d34e) Importer(815301076,1909f56bfc062723c751e8b465ee728b)
Start importing Assets/Prefab/cloud.fbx using Guid(d226df6e07663374cba7c486f4d8d34e) Importer(815301076,1909f56bfc062723c751e8b465ee728b)  -> (artifact id: 'c8606d6e36c8877d6ec82c6cf7cd6867') in 0.079930 seconds 
========================================================================
Received Import Request.
  Time since last request: 0.000029 seconds.
  path: Assets/Prefab/OVRPlayerController (1) 2.prefab
  artifactKey: Guid(1accdb208f649ad44900fe1014028914) Importer(815301076,1909f56bfc062723c751e8b465ee728b)
Start importing Assets/Prefab/OVRPlayerController (1) 2.prefab using Guid(1accdb208f649ad44900fe1014028914) Importer(815301076,1909f56bfc062723c751e8b465ee728b)  -> (artifact id: 'd1ed2f492f70ed416e44d3fbd630af6b') in 0.060031 seconds 
========================================================================
Received Import Request.
  Time since last request: 0.000026 seconds.
  path: Assets/Prefab/邵ｺ阮呻ｼ・ｸｺ・ｫ.prefab
  artifactKey: Guid(18a8c898eb97ddb4aa1297330402f789) Importer(815301076,1909f56bfc062723c751e8b465ee728b)
Start importing Assets/Prefab/邵ｺ阮呻ｼ・ｸｺ・ｫ.prefab using Guid(18a8c898eb97ddb4aa1297330402f789) Importer(815301076,1909f56bfc062723c751e8b465ee728b)  -> (artifact id: '926a96e98fe0a7a67f0d6a1e2db5306f') in 0.012740 seconds 
========================================================================
Received Import Request.
  Time since last request: 0.000041 seconds.
  path: Assets/Prefab/OVRPlayerController (1) 1.prefab
  artifactKey: Guid(1d96721b78b10714aac0b556b273e7fa) Importer(815301076,1909f56bfc062723c751e8b465ee728b)
Start importing Assets/Prefab/OVRPlayerController (1) 1.prefab using Guid(1d96721b78b10714aac0b556b273e7fa) Importer(815301076,1909f56bfc062723c751e8b465ee728b)  -> (artifact id: 'bad7699f3bce17f0a383904a0b3aebe3') in 0.032087 seconds 
========================================================================
Received Import Request.
  Time since last request: 0.000022 seconds.
  path: Assets/Prefab/smoke.prefab
  artifactKey: Guid(27bc467c929c977408f6dc5af25cac09) Importer(815301076,1909f56bfc062723c751e8b465ee728b)
Start importing Assets/Prefab/smoke.prefab using Guid(27bc467c929c977408f6dc5af25cac09) Importer(815301076,1909f56bfc062723c751e8b465ee728b)  -> (artifact id: '3a4f645bc2062d92ce2635f3d790f0da') in 0.024209 seconds 
========================================================================
Received Import Request.
  Time since last request: 0.000028 seconds.
  path: Assets/Prefab/cloud 1.prefab
  artifactKey: Guid(0179366f7aaca7e43b0c7a7eda17cc71) Importer(815301076,1909f56bfc062723c751e8b465ee728b)
Start importing Assets/Prefab/cloud 1.prefab using Guid(0179366f7aaca7e43b0c7a7eda17cc71) Importer(815301076,1909f56bfc062723c751e8b465ee728b)  -> (artifact id: '24677cb0687efac7deed8cd4471c2cbb') in 0.036153 seconds 
========================================================================
Received Import Request.
  Time since last request: 4.919290 seconds.
  path: Assets/Prefab/Bin_v1.0.prefab
  artifactKey: Guid(eccd1468be818644da700d8eac2fa715) Importer(815301076,1909f56bfc062723c751e8b465ee728b)
Start importing Assets/Prefab/Bin_v1.0.prefab using Guid(eccd1468be818644da700d8eac2fa715) Importer(815301076,1909f56bfc062723c751e8b465ee728b)  -> (artifact id: 'c08c14945be1ccbef138dca9bb480213') in 0.034994 seconds 
========================================================================
Received Import Request.
  Time since last request: 3.059165 seconds.
  path: Assets/Elephant.prefab
  artifactKey: Guid(90b76b6107a676742931e7b9d1d74f4d) Importer(815301076,1909f56bfc062723c751e8b465ee728b)
Start importing Assets/Elephant.prefab using Guid(90b76b6107a676742931e7b9d1d74f4d) Importer(815301076,1909f56bfc062723c751e8b465ee728b)  -> (artifact id: 'a95668c5372067bcc75611c97cec3240') in 0.070936 seconds 
========================================================================
Received Import Request.
  Time since last request: 17.204328 seconds.
  path: Assets/Material/Cloud.mat
  artifactKey: Guid(311c613a46bfb334ca9879d7cf160d4b) Importer(815301076,1909f56bfc062723c751e8b465ee728b)
Start importing Assets/Material/Cloud.mat using Guid(311c613a46bfb334ca9879d7cf160d4b) Importer(815301076,1909f56bfc062723c751e8b465ee728b)  -> (artifact id: 'addd51cce00b7d9c89aeeda7798325ce') in 0.019817 seconds 
========================================================================
Received Import Request.
  Time since last request: 0.000024 seconds.
  path: Assets/Material/HandSensor.mat
  artifactKey: Guid(1fe5d6fb3f0c68d4d8774576a870bc2e) Importer(815301076,1909f56bfc062723c751e8b465ee728b)
Start importing Assets/Material/HandSensor.mat using Guid(1fe5d6fb3f0c68d4d8774576a870bc2e) Importer(815301076,1909f56bfc062723c751e8b465ee728b)  -> (artifact id: 'ddd3fefb506ecd8371e9b1f54118c75d') in 0.022799 seconds 
========================================================================
Received Import Request.
  Time since last request: 0.000029 seconds.
  path: Assets/Material/Transparent.mat
  artifactKey: Guid(4a12b38d23b467c4aa356b59c417c956) Importer(815301076,1909f56bfc062723c751e8b465ee728b)
Start importing Assets/Material/Transparent.mat using Guid(4a12b38d23b467c4aa356b59c417c956) Importer(815301076,1909f56bfc062723c751e8b465ee728b)  -> (artifact id: 'c5852e3c85dde809e2207c221f66ba7f') in 0.023833 seconds 
========================================================================
Received Import Request.
  Time since last request: 0.000036 seconds.
  path: Assets/Material/Flore.mat
  artifactKey: Guid(84ae1a458b61ce04199c9df93b528cdf) Importer(815301076,1909f56bfc062723c751e8b465ee728b)
Start importing Assets/Material/Flore.mat using Guid(84ae1a458b61ce04199c9df93b528cdf) Importer(815301076,1909f56bfc062723c751e8b465ee728b)  -> (artifact id: '3bc4482ecfa6f7ee781f61f55a213c74') in 0.018774 seconds 
========================================================================
Received Import Request.
  Time since last request: 0.000024 seconds.
  path: Assets/Material/ImageAlpha.mat
  artifactKey: Guid(5c597131c891bb44ba136863b5addff7) Importer(815301076,1909f56bfc062723c751e8b465ee728b)
Start importing Assets/Material/ImageAlpha.mat using Guid(5c597131c891bb44ba136863b5addff7) Importer(815301076,1909f56bfc062723c751e8b465ee728b)  -> (artifact id: '3beacb4c1c6f37ba4498874b57bb5841') in 0.017458 seconds 
========================================================================
Received Import Request.
  Time since last request: 0.000020 seconds.
  path: Assets/Material/MixColor.mat
  artifactKey: Guid(d621c933a5ddd6445afb6271c86ed7fa) Importer(815301076,1909f56bfc062723c751e8b465ee728b)
Start importing Assets/Material/MixColor.mat using Guid(d621c933a5ddd6445afb6271c86ed7fa) Importer(815301076,1909f56bfc062723c751e8b465ee728b)  -> (artifact id: 'b81ae58de2f500582e10ae3b672e7843') in 0.017757 seconds 
========================================================================
Received Import Request.
  Time since last request: 0.000024 seconds.
  path: Assets/Material/Skin.mat
  artifactKey: Guid(7d5ac733093567448af92ccc97457aed) Importer(815301076,1909f56bfc062723c751e8b465ee728b)
Start importing Assets/Material/Skin.mat using Guid(7d5ac733093567448af92ccc97457aed) Importer(815301076,1909f56bfc062723c751e8b465ee728b)  -> (artifact id: '2b49a212345cf18c4c1be1649a125d15') in 0.019912 seconds 
========================================================================
Received Import Request.
  Time since last request: 0.000022 seconds.
  path: Assets/Material/Floor.mat
  artifactKey: Guid(596121d20d88e3b4f815c96e2f89263b) Importer(815301076,1909f56bfc062723c751e8b465ee728b)
Start importing Assets/Material/Floor.mat using Guid(596121d20d88e3b4f815c96e2f89263b) Importer(815301076,1909f56bfc062723c751e8b465ee728b)  -> (artifact id: 'bfd52ace727252fb7abc2397bfaf6da5') in 0.020508 seconds 
========================================================================
Received Import Request.
  Time since last request: 0.000038 seconds.
  path: Assets/Material/Eye.mat
  artifactKey: Guid(d28fdc1d31b554940aff95a36410cbb8) Importer(815301076,1909f56bfc062723c751e8b465ee728b)
Start importing Assets/Material/Eye.mat using Guid(d28fdc1d31b554940aff95a36410cbb8) Importer(815301076,1909f56bfc062723c751e8b465ee728b)  -> (artifact id: 'b25fb521409c736b70a7cca8f6b8d5c8') in 0.020651 seconds 
========================================================================
Received Import Request.
  Time since last request: 0.000035 seconds.
  path: Assets/Material/Water.mat
  artifactKey: Guid(3c01e8b1f7d0c7645a010347186f5bb5) Importer(815301076,1909f56bfc062723c751e8b465ee728b)
Start importing Assets/Material/Water.mat using Guid(3c01e8b1f7d0c7645a010347186f5bb5) Importer(815301076,1909f56bfc062723c751e8b465ee728b)  -> (artifact id: '8b35fe111e57a04fa1e9abab52156b71') in 0.018031 seconds 
========================================================================
Received Prepare
Registering precompiled user dll's ...
Registered in 0.006393 seconds.
Begin MonoManager ReloadAssembly
Native extension for WindowsStandalone target not found
Refreshing native plugins compatible for Editor in 1.56 ms, found 8 plugins.
Preloading 2 native plugins for Editor in 0.25 ms.
Mono: successfully reloaded assembly
- Completed reload, in  1.126 seconds
Domain Reload Profiling:
	ReloadAssembly (1127ms)
		BeginReloadAssembly (134ms)
			ExecutionOrderSort (0ms)
			DisableScriptedObjects (3ms)
			BackupInstance (0ms)
			ReleaseScriptingObjects (0ms)
			CreateAndSetChildDomain (43ms)
		EndReloadAssembly (898ms)
			LoadAssemblies (80ms)
			RebuildTransferFunctionScriptingTraits (0ms)
			SetupTypeCache (245ms)
			ReleaseScriptCaches (4ms)
			RebuildScriptCaches (104ms)
			SetupLoadedEditorAssemblies (409ms)
				LogAssemblyErrors (0ms)
				InitializePlatformSupportModulesInManaged (18ms)
				SetLoadedEditorAssemblies (1ms)
				RefreshPlugins (2ms)
				BeforeProcessingInitializeOnLoad (103ms)
				ProcessInitializeOnLoadAttributes (239ms)
				ProcessInitializeOnLoadMethodAttributes (41ms)
				AfterProcessingInitializeOnLoad (5ms)
				EditorAssembliesLoaded (0ms)
			ExecutionOrderSort2 (0ms)
			AwakeInstancesAfterBackupRestoration (10ms)
Platform modules already initialized, skipping
Shader 'Oculus/OVRMRCameraFrameLit': fallback shader 'Alpha-Diffuse' not found
Refreshing native plugins compatible for Editor in 4.51 ms, found 8 plugins.
Preloading 2 native plugins for Editor in 0.10 ms.
Unloading 3201 Unused Serialized files (Serialized files now loaded: 0)
Unloading 57 unused Assets / (405.5 KB). Loaded Objects now: 3864.
Memory consumption went from 173.8 MB to 173.5 MB.
Total: 3.771200 ms (FindLiveObjects: 0.265600 ms CreateObjectMapping: 0.134100 ms MarkObjects: 3.052200 ms  DeleteObjects: 0.316900 ms)

AssetImportParameters requested are different than current active one (requested -> active):
  custom:video-decoder-ogg-theora: a1e56fd34408186e4bbccfd4996cb3dc -> 
  custom:container-muxer-webm: aa71ff27fc2769a1b78a27578f13a17b -> 
  custom:container-demuxer-webm: 4f35f7cbe854078d1ac9338744f61a02 -> 
  custom:video-encoder-webm-vp8: eb34c28f22e8b96e1ab97ce403110664 -> 
  custom:video-codec-MediaFoundation-h265: 746d11721c4dcdbdad8f713fa42b33f4 -> 
  custom:audio-encoder-webm-vorbis: bf7c407c2cedff20999df2af8eb42d56 -> 
  custom:framework-win-MediaFoundation: 216162199b28c13a410421893ffa2e32 -> 
  custom:container-demuxer-ogg: 62fdf1f143b41e24485cea50d1cbac27 -> 
  custom:video-decoder-webm-vp8: 9c59270c3fd7afecdb556c50c9e8de78 -> 
  custom:audio-decoder-ogg-vorbis: bf7c407c2cedff20999df2af8eb42d56 -> 
========================================================================
Received Import Request.
  Time since last request: 1510.934728 seconds.
  path: Assets/exp.prefab
  artifactKey: Guid(2b0c074687074864a8d1c7cbb50a1825) Importer(815301076,1909f56bfc062723c751e8b465ee728b)
Start importing Assets/exp.prefab using Guid(2b0c074687074864a8d1c7cbb50a1825) Importer(815301076,1909f56bfc062723c751e8b465ee728b)  -> (artifact id: '860abb2aded1c50b0b20400b5976f699') in 0.060631 seconds 
========================================================================
Received Prepare
Registering precompiled user dll's ...
Registered in 0.004652 seconds.
Begin MonoManager ReloadAssembly
Native extension for WindowsStandalone target not found
Refreshing native plugins compatible for Editor in 1.30 ms, found 8 plugins.
Preloading 2 native plugins for Editor in 0.32 ms.
Mono: successfully reloaded assembly
- Completed reload, in  1.194 seconds
Domain Reload Profiling:
	ReloadAssembly (1195ms)
		BeginReloadAssembly (159ms)
			ExecutionOrderSort (0ms)
			DisableScriptedObjects (7ms)
			BackupInstance (0ms)
			ReleaseScriptingObjects (0ms)
			CreateAndSetChildDomain (51ms)
		EndReloadAssembly (926ms)
			LoadAssemblies (99ms)
			RebuildTransferFunctionScriptingTraits (0ms)
			SetupTypeCache (257ms)
			ReleaseScriptCaches (2ms)
			RebuildScriptCaches (82ms)
			SetupLoadedEditorAssemblies (426ms)
				LogAssemblyErrors (0ms)
				InitializePlatformSupportModulesInManaged (16ms)
				SetLoadedEditorAssemblies (1ms)
				RefreshPlugins (2ms)
				BeforeProcessingInitializeOnLoad (114ms)
				ProcessInitializeOnLoadAttributes (247ms)
				ProcessInitializeOnLoadMethodAttributes (41ms)
				AfterProcessingInitializeOnLoad (6ms)
				EditorAssembliesLoaded (0ms)
			ExecutionOrderSort2 (0ms)
			AwakeInstancesAfterBackupRestoration (8ms)
Platform modules already initialized, skipping
Shader 'Oculus/OVRMRCameraFrameLit': fallback shader 'Alpha-Diffuse' not found
Refreshing native plugins compatible for Editor in 4.97 ms, found 8 plugins.
Preloading 2 native plugins for Editor in 0.09 ms.
Unloading 3201 Unused Serialized files (Serialized files now loaded: 0)
Unloading 55 unused Assets / (404.3 KB). Loaded Objects now: 3868.
Memory consumption went from 173.8 MB to 173.4 MB.
Total: 3.646800 ms (FindLiveObjects: 0.247200 ms CreateObjectMapping: 0.091100 ms MarkObjects: 3.087400 ms  DeleteObjects: 0.219700 ms)

AssetImportParameters requested are different than current active one (requested -> active):
  custom:video-decoder-ogg-theora: a1e56fd34408186e4bbccfd4996cb3dc -> 
  custom:container-muxer-webm: aa71ff27fc2769a1b78a27578f13a17b -> 
  custom:container-demuxer-webm: 4f35f7cbe854078d1ac9338744f61a02 -> 
  custom:video-encoder-webm-vp8: eb34c28f22e8b96e1ab97ce403110664 -> 
  custom:video-codec-MediaFoundation-h265: 746d11721c4dcdbdad8f713fa42b33f4 -> 
  custom:audio-encoder-webm-vorbis: bf7c407c2cedff20999df2af8eb42d56 -> 
  custom:framework-win-MediaFoundation: 216162199b28c13a410421893ffa2e32 -> 
  custom:container-demuxer-ogg: 62fdf1f143b41e24485cea50d1cbac27 -> 
  custom:video-decoder-webm-vp8: 9c59270c3fd7afecdb556c50c9e8de78 -> 
  custom:audio-decoder-ogg-vorbis: bf7c407c2cedff20999df2af8eb42d56 -> 
========================================================================
Received Prepare
Registering precompiled user dll's ...
Registered in 0.005659 seconds.
Begin MonoManager ReloadAssembly
Native extension for WindowsStandalone target not found
Refreshing native plugins compatible for Editor in 0.94 ms, found 8 plugins.
Preloading 2 native plugins for Editor in 0.11 ms.
Mono: successfully reloaded assembly
- Completed reload, in  0.881 seconds
Domain Reload Profiling:
	ReloadAssembly (881ms)
		BeginReloadAssembly (123ms)
			ExecutionOrderSort (0ms)
			DisableScriptedObjects (4ms)
			BackupInstance (0ms)
			ReleaseScriptingObjects (0ms)
			CreateAndSetChildDomain (41ms)
		EndReloadAssembly (679ms)
			LoadAssemblies (76ms)
			RebuildTransferFunctionScriptingTraits (0ms)
			SetupTypeCache (204ms)
			ReleaseScriptCaches (3ms)
			RebuildScriptCaches (65ms)
			SetupLoadedEditorAssemblies (299ms)
				LogAssemblyErrors (0ms)
				InitializePlatformSupportModulesInManaged (10ms)
				SetLoadedEditorAssemblies (0ms)
				RefreshPlugins (1ms)
				BeforeProcessingInitializeOnLoad (81ms)
				ProcessInitializeOnLoadAttributes (178ms)
				ProcessInitializeOnLoadMethodAttributes (24ms)
				AfterProcessingInitializeOnLoad (4ms)
				EditorAssembliesLoaded (0ms)
			ExecutionOrderSort2 (0ms)
			AwakeInstancesAfterBackupRestoration (5ms)
Platform modules already initialized, skipping
Shader 'Oculus/OVRMRCameraFrameLit': fallback shader 'Alpha-Diffuse' not found
Refreshing native plugins compatible for Editor in 5.23 ms, found 8 plugins.
Preloading 2 native plugins for Editor in 0.15 ms.
Unloading 3201 Unused Serialized files (Serialized files now loaded: 0)
Unloading 55 unused Assets / (404.4 KB). Loaded Objects now: 3872.
Memory consumption went from 173.9 MB to 173.5 MB.
Total: 2.770200 ms (FindLiveObjects: 0.221300 ms CreateObjectMapping: 0.111400 ms MarkObjects: 2.233600 ms  DeleteObjects: 0.202600 ms)

AssetImportParameters requested are different than current active one (requested -> active):
  custom:video-decoder-ogg-theora: a1e56fd34408186e4bbccfd4996cb3dc -> 
  custom:container-muxer-webm: aa71ff27fc2769a1b78a27578f13a17b -> 
  custom:container-demuxer-webm: 4f35f7cbe854078d1ac9338744f61a02 -> 
  custom:video-encoder-webm-vp8: eb34c28f22e8b96e1ab97ce403110664 -> 
  custom:video-codec-MediaFoundation-h265: 746d11721c4dcdbdad8f713fa42b33f4 -> 
  custom:audio-encoder-webm-vorbis: bf7c407c2cedff20999df2af8eb42d56 -> 
  custom:framework-win-MediaFoundation: 216162199b28c13a410421893ffa2e32 -> 
  custom:container-demuxer-ogg: 62fdf1f143b41e24485cea50d1cbac27 -> 
  custom:video-decoder-webm-vp8: 9c59270c3fd7afecdb556c50c9e8de78 -> 
  custom:audio-decoder-ogg-vorbis: bf7c407c2cedff20999df2af8eb42d56 -> 
========================================================================
Received Prepare
Registering precompiled user dll's ...
Registered in 0.004206 seconds.
Begin MonoManager ReloadAssembly
Native extension for WindowsStandalone target not found
Refreshing native plugins compatible for Editor in 1.28 ms, found 8 plugins.
Preloading 2 native plugins for Editor in 0.24 ms.
Mono: successfully reloaded assembly
- Completed reload, in  1.245 seconds
Domain Reload Profiling:
	ReloadAssembly (1245ms)
		BeginReloadAssembly (138ms)
			ExecutionOrderSort (0ms)
			DisableScriptedObjects (4ms)
			BackupInstance (0ms)
			ReleaseScriptingObjects (0ms)
			CreateAndSetChildDomain (39ms)
		EndReloadAssembly (983ms)
			LoadAssemblies (113ms)
			RebuildTransferFunctionScriptingTraits (0ms)
			SetupTypeCache (269ms)
			ReleaseScriptCaches (3ms)
			RebuildScriptCaches (103ms)
			SetupLoadedEditorAssemblies (425ms)
				LogAssemblyErrors (0ms)
				InitializePlatformSupportModulesInManaged (14ms)
				SetLoadedEditorAssemblies (1ms)
				RefreshPlugins (2ms)
				BeforeProcessingInitializeOnLoad (107ms)
				ProcessInitializeOnLoadAttributes (255ms)
				ProcessInitializeOnLoadMethodAttributes (41ms)
				AfterProcessingInitializeOnLoad (6ms)
				EditorAssembliesLoaded (0ms)
			ExecutionOrderSort2 (0ms)
			AwakeInstancesAfterBackupRestoration (9ms)
Platform modules already initialized, skipping
Shader 'Oculus/OVRMRCameraFrameLit': fallback shader 'Alpha-Diffuse' not found
Refreshing native plugins compatible for Editor in 6.83 ms, found 8 plugins.
Preloading 2 native plugins for Editor in 0.13 ms.
Unloading 3201 Unused Serialized files (Serialized files now loaded: 0)
Unloading 55 unused Assets / (404.6 KB). Loaded Objects now: 3876.
Memory consumption went from 173.9 MB to 173.5 MB.
Total: 3.820300 ms (FindLiveObjects: 0.422300 ms CreateObjectMapping: 0.171300 ms MarkObjects: 2.927600 ms  DeleteObjects: 0.297500 ms)

AssetImportParameters requested are different than current active one (requested -> active):
  custom:video-decoder-ogg-theora: a1e56fd34408186e4bbccfd4996cb3dc -> 
  custom:container-muxer-webm: aa71ff27fc2769a1b78a27578f13a17b -> 
  custom:container-demuxer-webm: 4f35f7cbe854078d1ac9338744f61a02 -> 
  custom:video-encoder-webm-vp8: eb34c28f22e8b96e1ab97ce403110664 -> 
  custom:video-codec-MediaFoundation-h265: 746d11721c4dcdbdad8f713fa42b33f4 -> 
  custom:audio-encoder-webm-vorbis: bf7c407c2cedff20999df2af8eb42d56 -> 
  custom:framework-win-MediaFoundation: 216162199b28c13a410421893ffa2e32 -> 
  custom:container-demuxer-ogg: 62fdf1f143b41e24485cea50d1cbac27 -> 
  custom:video-decoder-webm-vp8: 9c59270c3fd7afecdb556c50c9e8de78 -> 
  custom:audio-decoder-ogg-vorbis: bf7c407c2cedff20999df2af8eb42d56 -> 
========================================================================
Received Prepare
Registering precompiled user dll's ...
Registered in 0.005634 seconds.
Begin MonoManager ReloadAssembly
Native extension for WindowsStandalone target not found
Refreshing native plugins compatible for Editor in 1.17 ms, found 8 plugins.
Preloading 2 native plugins for Editor in 0.20 ms.
Mono: successfully reloaded assembly
- Completed reload, in  1.150 seconds
Domain Reload Profiling:
	ReloadAssembly (1151ms)
		BeginReloadAssembly (113ms)
			ExecutionOrderSort (0ms)
			DisableScriptedObjects (4ms)
			BackupInstance (0ms)
			ReleaseScriptingObjects (0ms)
			CreateAndSetChildDomain (37ms)
		EndReloadAssembly (930ms)
			LoadAssemblies (82ms)
			RebuildTransferFunctionScriptingTraits (0ms)
			SetupTypeCache (257ms)
			ReleaseScriptCaches (3ms)
			RebuildScriptCaches (93ms)
			SetupLoadedEditorAssemblies (426ms)
				LogAssemblyErrors (0ms)
				InitializePlatformSupportModulesInManaged (14ms)
				SetLoadedEditorAssemblies (1ms)
				RefreshPlugins (1ms)
				BeforeProcessingInitializeOnLoad (120ms)
				ProcessInitializeOnLoadAttributes (244ms)
				ProcessInitializeOnLoadMethodAttributes (40ms)
				AfterProcessingInitializeOnLoad (6ms)
				EditorAssembliesLoaded (0ms)
			ExecutionOrderSort2 (0ms)
			AwakeInstancesAfterBackupRestoration (7ms)
Platform modules already initialized, skipping
Shader 'Oculus/OVRMRCameraFrameLit': fallback shader 'Alpha-Diffuse' not found
Refreshing native plugins compatible for Editor in 5.22 ms, found 8 plugins.
Preloading 2 native plugins for Editor in 0.11 ms.
Unloading 3201 Unused Serialized files (Serialized files now loaded: 0)
Unloading 55 unused Assets / (404.4 KB). Loaded Objects now: 3880.
Memory consumption went from 173.9 MB to 173.5 MB.
Total: 3.515700 ms (FindLiveObjects: 0.259800 ms CreateObjectMapping: 0.110300 ms MarkObjects: 2.890100 ms  DeleteObjects: 0.253300 ms)

AssetImportParameters requested are different than current active one (requested -> active):
  custom:video-decoder-ogg-theora: a1e56fd34408186e4bbccfd4996cb3dc -> 
  custom:container-muxer-webm: aa71ff27fc2769a1b78a27578f13a17b -> 
  custom:container-demuxer-webm: 4f35f7cbe854078d1ac9338744f61a02 -> 
  custom:video-encoder-webm-vp8: eb34c28f22e8b96e1ab97ce403110664 -> 
  custom:video-codec-MediaFoundation-h265: 746d11721c4dcdbdad8f713fa42b33f4 -> 
  custom:audio-encoder-webm-vorbis: bf7c407c2cedff20999df2af8eb42d56 -> 
  custom:framework-win-MediaFoundation: 216162199b28c13a410421893ffa2e32 -> 
  custom:container-demuxer-ogg: 62fdf1f143b41e24485cea50d1cbac27 -> 
  custom:video-decoder-webm-vp8: 9c59270c3fd7afecdb556c50c9e8de78 -> 
  custom:audio-decoder-ogg-vorbis: bf7c407c2cedff20999df2af8eb42d56 -> 
========================================================================
Received Prepare
Registering precompiled user dll's ...
Registered in 0.003887 seconds.
Begin MonoManager ReloadAssembly
Native extension for WindowsStandalone target not found
Refreshing native plugins compatible for Editor in 2.17 ms, found 8 plugins.
Preloading 2 native plugins for Editor in 0.17 ms.
Mono: successfully reloaded assembly
- Completed reload, in  1.152 seconds
Domain Reload Profiling:
	ReloadAssembly (1153ms)
		BeginReloadAssembly (130ms)
			ExecutionOrderSort (0ms)
			DisableScriptedObjects (6ms)
			BackupInstance (0ms)
			ReleaseScriptingObjects (0ms)
			CreateAndSetChildDomain (38ms)
		EndReloadAssembly (922ms)
			LoadAssemblies (84ms)
			RebuildTransferFunctionScriptingTraits (0ms)
			SetupTypeCache (249ms)
			ReleaseScriptCaches (3ms)
			RebuildScriptCaches (97ms)
			SetupLoadedEditorAssemblies (421ms)
				LogAssemblyErrors (0ms)
				InitializePlatformSupportModulesInManaged (16ms)
				SetLoadedEditorAssemblies (1ms)
				RefreshPlugins (2ms)
				BeforeProcessingInitializeOnLoad (104ms)
				ProcessInitializeOnLoadAttributes (250ms)
				ProcessInitializeOnLoadMethodAttributes (42ms)
				AfterProcessingInitializeOnLoad (6ms)
				EditorAssembliesLoaded (0ms)
			ExecutionOrderSort2 (0ms)
			AwakeInstancesAfterBackupRestoration (9ms)
Platform modules already initialized, skipping
Shader 'Oculus/OVRMRCameraFrameLit': fallback shader 'Alpha-Diffuse' not found
Refreshing native plugins compatible for Editor in 8.13 ms, found 8 plugins.
Preloading 2 native plugins for Editor in 0.16 ms.
Unloading 3201 Unused Serialized files (Serialized files now loaded: 0)
Unloading 55 unused Assets / (412.6 KB). Loaded Objects now: 3884.
Memory consumption went from 173.9 MB to 173.5 MB.
Total: 3.663100 ms (FindLiveObjects: 0.329300 ms CreateObjectMapping: 0.189800 ms MarkObjects: 2.832300 ms  DeleteObjects: 0.309800 ms)

AssetImportParameters requested are different than current active one (requested -> active):
  custom:video-decoder-ogg-theora: a1e56fd34408186e4bbccfd4996cb3dc -> 
  custom:container-muxer-webm: aa71ff27fc2769a1b78a27578f13a17b -> 
  custom:container-demuxer-webm: 4f35f7cbe854078d1ac9338744f61a02 -> 
  custom:video-encoder-webm-vp8: eb34c28f22e8b96e1ab97ce403110664 -> 
  custom:video-codec-MediaFoundation-h265: 746d11721c4dcdbdad8f713fa42b33f4 -> 
  custom:audio-encoder-webm-vorbis: bf7c407c2cedff20999df2af8eb42d56 -> 
  custom:framework-win-MediaFoundation: 216162199b28c13a410421893ffa2e32 -> 
  custom:container-demuxer-ogg: 62fdf1f143b41e24485cea50d1cbac27 -> 
  custom:video-decoder-webm-vp8: 9c59270c3fd7afecdb556c50c9e8de78 -> 
  custom:audio-decoder-ogg-vorbis: bf7c407c2cedff20999df2af8eb42d56 -> 
========================================================================
Received Prepare
Registering precompiled user dll's ...
Registered in 0.004857 seconds.
Begin MonoManager ReloadAssembly
Native extension for WindowsStandalone target not found
Refreshing native plugins compatible for Editor in 1.41 ms, found 8 plugins.
Preloading 2 native plugins for Editor in 0.18 ms.
Mono: successfully reloaded assembly
- Completed reload, in  1.117 seconds
Domain Reload Profiling:
	ReloadAssembly (1118ms)
		BeginReloadAssembly (126ms)
			ExecutionOrderSort (0ms)
			DisableScriptedObjects (4ms)
			BackupInstance (0ms)
			ReleaseScriptingObjects (0ms)
			CreateAndSetChildDomain (41ms)
		EndReloadAssembly (893ms)
			LoadAssemblies (75ms)
			RebuildTransferFunctionScriptingTraits (0ms)
			SetupTypeCache (253ms)
			ReleaseScriptCaches (3ms)
			RebuildScriptCaches (100ms)
			SetupLoadedEditorAssemblies (392ms)
				LogAssemblyErrors (0ms)
				InitializePlatformSupportModulesInManaged (12ms)
				SetLoadedEditorAssemblies (1ms)
				RefreshPlugins (2ms)
				BeforeProcessingInitializeOnLoad (93ms)
				ProcessInitializeOnLoadAttributes (237ms)
				ProcessInitializeOnLoadMethodAttributes (41ms)
				AfterProcessingInitializeOnLoad (6ms)
				EditorAssembliesLoaded (0ms)
			ExecutionOrderSort2 (0ms)
			AwakeInstancesAfterBackupRestoration (7ms)
Platform modules already initialized, skipping
Shader 'Oculus/OVRMRCameraFrameLit': fallback shader 'Alpha-Diffuse' not found
Refreshing native plugins compatible for Editor in 5.54 ms, found 8 plugins.
Preloading 2 native plugins for Editor in 0.13 ms.
Unloading 3201 Unused Serialized files (Serialized files now loaded: 0)
Unloading 55 unused Assets / (412.2 KB). Loaded Objects now: 3888.
Memory consumption went from 174.0 MB to 173.6 MB.
Total: 3.582200 ms (FindLiveObjects: 0.350400 ms CreateObjectMapping: 0.190200 ms MarkObjects: 2.763100 ms  DeleteObjects: 0.276800 ms)

AssetImportParameters requested are different than current active one (requested -> active):
  custom:video-decoder-ogg-theora: a1e56fd34408186e4bbccfd4996cb3dc -> 
  custom:container-muxer-webm: aa71ff27fc2769a1b78a27578f13a17b -> 
  custom:container-demuxer-webm: 4f35f7cbe854078d1ac9338744f61a02 -> 
  custom:video-encoder-webm-vp8: eb34c28f22e8b96e1ab97ce403110664 -> 
  custom:video-codec-MediaFoundation-h265: 746d11721c4dcdbdad8f713fa42b33f4 -> 
  custom:audio-encoder-webm-vorbis: bf7c407c2cedff20999df2af8eb42d56 -> 
  custom:framework-win-MediaFoundation: 216162199b28c13a410421893ffa2e32 -> 
  custom:container-demuxer-ogg: 62fdf1f143b41e24485cea50d1cbac27 -> 
  custom:video-decoder-webm-vp8: 9c59270c3fd7afecdb556c50c9e8de78 -> 
  custom:audio-decoder-ogg-vorbis: bf7c407c2cedff20999df2af8eb42d56 -> 
========================================================================
Received Prepare
Registering precompiled user dll's ...
Registered in 0.004455 seconds.
Begin MonoManager ReloadAssembly
Native extension for WindowsStandalone target not found
Refreshing native plugins compatible for Editor in 1.44 ms, found 8 plugins.
Preloading 2 native plugins for Editor in 0.18 ms.
Mono: successfully reloaded assembly
- Completed reload, in  1.115 seconds
Domain Reload Profiling:
	ReloadAssembly (1116ms)
		BeginReloadAssembly (143ms)
			ExecutionOrderSort (0ms)
			DisableScriptedObjects (6ms)
			BackupInstance (0ms)
			ReleaseScriptingObjects (0ms)
			CreateAndSetChildDomain (36ms)
		EndReloadAssembly (863ms)
			LoadAssemblies (95ms)
			RebuildTransferFunctionScriptingTraits (0ms)
			SetupTypeCache (254ms)
			ReleaseScriptCaches (3ms)
			RebuildScriptCaches (91ms)
			SetupLoadedEditorAssemblies (374ms)
				LogAssemblyErrors (0ms)
				InitializePlatformSupportModulesInManaged (14ms)
				SetLoadedEditorAssemblies (1ms)
				RefreshPlugins (2ms)
				BeforeProcessingInitializeOnLoad (84ms)
				ProcessInitializeOnLoadAttributes (229ms)
				ProcessInitializeOnLoadMethodAttributes (37ms)
				AfterProcessingInitializeOnLoad (7ms)
				EditorAssembliesLoaded (0ms)
			ExecutionOrderSort2 (0ms)
			AwakeInstancesAfterBackupRestoration (7ms)
Platform modules already initialized, skipping
Shader 'Oculus/OVRMRCameraFrameLit': fallback shader 'Alpha-Diffuse' not found
Refreshing native plugins compatible for Editor in 8.01 ms, found 8 plugins.
Preloading 2 native plugins for Editor in 0.12 ms.
Unloading 3201 Unused Serialized files (Serialized files now loaded: 0)
Unloading 55 unused Assets / (412.2 KB). Loaded Objects now: 3892.
Memory consumption went from 174.0 MB to 173.6 MB.
Total: 3.962200 ms (FindLiveObjects: 0.415500 ms CreateObjectMapping: 0.197600 ms MarkObjects: 3.041200 ms  DeleteObjects: 0.306100 ms)

AssetImportParameters requested are different than current active one (requested -> active):
  custom:video-decoder-ogg-theora: a1e56fd34408186e4bbccfd4996cb3dc -> 
  custom:container-muxer-webm: aa71ff27fc2769a1b78a27578f13a17b -> 
  custom:container-demuxer-webm: 4f35f7cbe854078d1ac9338744f61a02 -> 
  custom:video-encoder-webm-vp8: eb34c28f22e8b96e1ab97ce403110664 -> 
  custom:video-codec-MediaFoundation-h265: 746d11721c4dcdbdad8f713fa42b33f4 -> 
  custom:audio-encoder-webm-vorbis: bf7c407c2cedff20999df2af8eb42d56 -> 
  custom:framework-win-MediaFoundation: 216162199b28c13a410421893ffa2e32 -> 
  custom:container-demuxer-ogg: 62fdf1f143b41e24485cea50d1cbac27 -> 
  custom:video-decoder-webm-vp8: 9c59270c3fd7afecdb556c50c9e8de78 -> 
  custom:audio-decoder-ogg-vorbis: bf7c407c2cedff20999df2af8eb42d56 -> 
